The target system is: Generic -  - 
The host system is: Darwin - 24.0.0 - arm64
Compiling the C compiler identification source file "CMakeCCompilerId.c" succeeded.
Compiler: /Users/deaafrizal/.espressif/tools/riscv32-esp-elf/esp-13.2.0_20240530/riscv32-esp-elf/bin/riscv32-esp-elf-gcc 
Build flags: -march=rv32imc_zicsr_zifencei;
Id flags:  

The output was:
0
/Users/deaafrizal/.espressif/tools/riscv32-esp-elf/esp-13.2.0_20240530/riscv32-esp-elf/bin/../lib/gcc/riscv32-esp-elf/13.2.0/../../../../riscv32-esp-elf/bin/ld: /Users/deaafrizal/.espressif/tools/riscv32-esp-elf/esp-13.2.0_20240530/riscv32-esp-elf/bin/../lib/gcc/riscv32-esp-elf/13.2.0/../../../../riscv32-esp-elf/lib/rv32imc_zicsr_zifencei/ilp32/libc.a(libc_a-closer.o): in function `_close_r':
/Users/brnomac003/.gitlab-runner/builds/qR2TxTby/1/idf/crosstool-NG/.build/riscv32-esp-elf/src/newlib/newlib/libc/reent/closer.c:47:(.text+0x14): warning: _close is not implemented and will always fail
/Users/deaafrizal/.espressif/tools/riscv32-esp-elf/esp-13.2.0_20240530/riscv32-esp-elf/bin/../lib/gcc/riscv32-esp-elf/13.2.0/../../../../riscv32-esp-elf/bin/ld: /Users/deaafrizal/.espressif/tools/riscv32-esp-elf/esp-13.2.0_20240530/riscv32-esp-elf/bin/../lib/gcc/riscv32-esp-elf/13.2.0/../../../../riscv32-esp-elf/lib/rv32imc_zicsr_zifencei/ilp32/libc.a(libc_a-lseekr.o): in function `_lseek_r':
/Users/brnomac003/.gitlab-runner/builds/qR2TxTby/1/idf/crosstool-NG/.build/riscv32-esp-elf/src/newlib/newlib/libc/reent/lseekr.c:49:(.text+0x18): warning: _lseek is not implemented and will always fail
/Users/deaafrizal/.espressif/tools/riscv32-esp-elf/esp-13.2.0_20240530/riscv32-esp-elf/bin/../lib/gcc/riscv32-esp-elf/13.2.0/../../../../riscv32-esp-elf/bin/ld: /Users/deaafrizal/.espressif/tools/riscv32-esp-elf/esp-13.2.0_20240530/riscv32-esp-elf/bin/../lib/gcc/riscv32-esp-elf/13.2.0/../../../../riscv32-esp-elf/lib/rv32imc_zicsr_zifencei/ilp32/libc.a(libc_a-readr.o): in function `_read_r':
/Users/brnomac003/.gitlab-runner/builds/qR2TxTby/1/idf/crosstool-NG/.build/riscv32-esp-elf/src/newlib/newlib/libc/reent/readr.c:49:(.text+0x18): warning: _read is not implemented and will always fail
/Users/deaafrizal/.espressif/tools/riscv32-esp-elf/esp-13.2.0_20240530/riscv32-esp-elf/bin/../lib/gcc/riscv32-esp-elf/13.2.0/../../../../riscv32-esp-elf/bin/ld: /Users/deaafrizal/.espressif/tools/riscv32-esp-elf/esp-13.2.0_20240530/riscv32-esp-elf/bin/../lib/gcc/riscv32-esp-elf/13.2.0/../../../../riscv32-esp-elf/lib/rv32imc_zicsr_zifencei/ilp32/libc.a(libc_a-writer.o): in function `_write_r':
/Users/brnomac003/.gitlab-runner/builds/qR2TxTby/1/idf/crosstool-NG/.build/riscv32-esp-elf/src/newlib/newlib/libc/reent/writer.c:49:(.text+0x18): warning: _write is not implemented and will always fail
/Users/deaafrizal/.espressif/tools/riscv32-esp-elf/esp-13.2.0_20240530/riscv32-esp-elf/bin/../lib/gcc/riscv32-esp-elf/13.2.0/../../../../riscv32-esp-elf/bin/ld: /Users/deaafrizal/.espressif/tools/riscv32-esp-elf/esp-13.2.0_20240530/riscv32-esp-elf/bin/../lib/gcc/riscv32-esp-elf/13.2.0/../../../../riscv32-esp-elf/lib/rv32imc_zicsr_zifencei/ilp32/libc.a(libc_a-fclose.o): in function `fclose':
/Users/brnomac003/.gitlab-runner/builds/qR2TxTby/1/idf/crosstool-NG/.build/riscv32-esp-elf/src/newlib/newlib/libc/stdio/fclose.c:125:(.text+0xf4): warning: __getreent is not implemented and will always fail


Compilation of the C compiler identification source "CMakeCCompilerId.c" produced "a.out"

The C compiler identification is GNU, found in "/Users/deaafrizal/Projects/platformio/cuybot-rtos/build/CMakeFiles/3.24.0/CompilerIdC/a.out"

Compiling the CXX compiler identification source file "CMakeCXXCompilerId.cpp" succeeded.
Compiler: /Users/deaafrizal/.espressif/tools/riscv32-esp-elf/esp-13.2.0_20240530/riscv32-esp-elf/bin/riscv32-esp-elf-g++ 
Build flags: -march=rv32imc_zicsr_zifencei;
Id flags:  

The output was:
0
/Users/deaafrizal/.espressif/tools/riscv32-esp-elf/esp-13.2.0_20240530/riscv32-esp-elf/bin/../lib/gcc/riscv32-esp-elf/13.2.0/../../../../riscv32-esp-elf/bin/ld: /Users/deaafrizal/.espressif/tools/riscv32-esp-elf/esp-13.2.0_20240530/riscv32-esp-elf/bin/../lib/gcc/riscv32-esp-elf/13.2.0/../../../../riscv32-esp-elf/lib/rv32imc_zicsr_zifencei/ilp32/libc.a(libc_a-closer.o): in function `_close_r':
/Users/brnomac003/.gitlab-runner/builds/qR2TxTby/1/idf/crosstool-NG/.build/riscv32-esp-elf/src/newlib/newlib/libc/reent/closer.c:47:(.text+0x14): warning: _close is not implemented and will always fail
/Users/deaafrizal/.espressif/tools/riscv32-esp-elf/esp-13.2.0_20240530/riscv32-esp-elf/bin/../lib/gcc/riscv32-esp-elf/13.2.0/../../../../riscv32-esp-elf/bin/ld: /Users/deaafrizal/.espressif/tools/riscv32-esp-elf/esp-13.2.0_20240530/riscv32-esp-elf/bin/../lib/gcc/riscv32-esp-elf/13.2.0/../../../../riscv32-esp-elf/lib/rv32imc_zicsr_zifencei/ilp32/libc.a(libc_a-lseekr.o): in function `_lseek_r':
/Users/brnomac003/.gitlab-runner/builds/qR2TxTby/1/idf/crosstool-NG/.build/riscv32-esp-elf/src/newlib/newlib/libc/reent/lseekr.c:49:(.text+0x18): warning: _lseek is not implemented and will always fail
/Users/deaafrizal/.espressif/tools/riscv32-esp-elf/esp-13.2.0_20240530/riscv32-esp-elf/bin/../lib/gcc/riscv32-esp-elf/13.2.0/../../../../riscv32-esp-elf/bin/ld: /Users/deaafrizal/.espressif/tools/riscv32-esp-elf/esp-13.2.0_20240530/riscv32-esp-elf/bin/../lib/gcc/riscv32-esp-elf/13.2.0/../../../../riscv32-esp-elf/lib/rv32imc_zicsr_zifencei/ilp32/libc.a(libc_a-readr.o): in function `_read_r':
/Users/brnomac003/.gitlab-runner/builds/qR2TxTby/1/idf/crosstool-NG/.build/riscv32-esp-elf/src/newlib/newlib/libc/reent/readr.c:49:(.text+0x18): warning: _read is not implemented and will always fail
/Users/deaafrizal/.espressif/tools/riscv32-esp-elf/esp-13.2.0_20240530/riscv32-esp-elf/bin/../lib/gcc/riscv32-esp-elf/13.2.0/../../../../riscv32-esp-elf/bin/ld: /Users/deaafrizal/.espressif/tools/riscv32-esp-elf/esp-13.2.0_20240530/riscv32-esp-elf/bin/../lib/gcc/riscv32-esp-elf/13.2.0/../../../../riscv32-esp-elf/lib/rv32imc_zicsr_zifencei/ilp32/libc.a(libc_a-writer.o): in function `_write_r':
/Users/brnomac003/.gitlab-runner/builds/qR2TxTby/1/idf/crosstool-NG/.build/riscv32-esp-elf/src/newlib/newlib/libc/reent/writer.c:49:(.text+0x18): warning: _write is not implemented and will always fail
/Users/deaafrizal/.espressif/tools/riscv32-esp-elf/esp-13.2.0_20240530/riscv32-esp-elf/bin/../lib/gcc/riscv32-esp-elf/13.2.0/../../../../riscv32-esp-elf/bin/ld: /Users/deaafrizal/.espressif/tools/riscv32-esp-elf/esp-13.2.0_20240530/riscv32-esp-elf/bin/../lib/gcc/riscv32-esp-elf/13.2.0/../../../../riscv32-esp-elf/lib/rv32imc_zicsr_zifencei/ilp32/libc.a(libc_a-fclose.o): in function `fclose':
/Users/brnomac003/.gitlab-runner/builds/qR2TxTby/1/idf/crosstool-NG/.build/riscv32-esp-elf/src/newlib/newlib/libc/stdio/fclose.c:125:(.text+0xf4): warning: __getreent is not implemented and will always fail


Compilation of the CXX compiler identification source "CMakeCXXCompilerId.cpp" produced "a.out"

The CXX compiler identification is GNU, found in "/Users/deaafrizal/Projects/platformio/cuybot-rtos/build/CMakeFiles/3.24.0/CompilerIdCXX/a.out"

Checking whether the ASM compiler is GNU using "--version" matched "(GNU assembler)|(GCC)|(Free Software Foundation)":
riscv32-esp-elf-gcc (crosstool-NG esp-13.2.0_20240530) 13.2.0
Copyright (C) 2023 Free Software Foundation, Inc.
This is free software; see the source for copying conditions.  There is NO
warranty; not even for MERCHANTABILITY or FITNESS FOR A PARTICULAR PURPOSE.

Detecting C compiler ABI info compiled with the following output:
Change Dir: /Users/deaafrizal/Projects/platformio/cuybot-rtos/build/CMakeFiles/CMakeTmp

Run Build Command(s):/usr/bin/make -f Makefile cmTC_2e03b/fast && /Applications/Xcode.app/Contents/Developer/usr/bin/make  -f CMakeFiles/cmTC_2e03b.dir/build.make CMakeFiles/cmTC_2e03b.dir/build
Building C object CMakeFiles/cmTC_2e03b.dir/CMakeCCompilerABI.c.obj
/Users/deaafrizal/.espressif/tools/riscv32-esp-elf/esp-13.2.0_20240530/riscv32-esp-elf/bin/riscv32-esp-elf-gcc   -march=rv32imc_zicsr_zifencei     -v -o CMakeFiles/cmTC_2e03b.dir/CMakeCCompilerABI.c.obj -c /Users/deaafrizal/.espressif/tools/cmake/3.24.0/CMake.app/Contents/share/cmake-3.24/Modules/CMakeCCompilerABI.c
Using built-in specs.
COLLECT_GCC=/Users/deaafrizal/.espressif/tools/riscv32-esp-elf/esp-13.2.0_20240530/riscv32-esp-elf/bin/riscv32-esp-elf-gcc
Target: riscv32-esp-elf
Configured with: /Users/brnomac003/.gitlab-runner/builds/qR2TxTby/1/idf/crosstool-NG/.build/riscv32-esp-elf/src/gcc/configure --build=aarch64-build_apple-darwin21.4.0 --host=aarch64-build_apple-darwin21.4.0 --target=riscv32-esp-elf --prefix=/Users/brnomac003/.gitlab-runner/builds/qR2TxTby/1/idf/crosstool-NG/builds/riscv32-esp-elf --exec_prefix=/Users/brnomac003/.gitlab-runner/builds/qR2TxTby/1/idf/crosstool-NG/builds/riscv32-esp-elf --with-local-prefix=/Users/brnomac003/.gitlab-runner/builds/qR2TxTby/1/idf/crosstool-NG/builds/riscv32-esp-elf/riscv32-esp-elf --with-sysroot=/Users/brnomac003/.gitlab-runner/builds/qR2TxTby/1/idf/crosstool-NG/builds/riscv32-esp-elf/riscv32-esp-elf --with-native-system-header-dir=/include --with-newlib --enable-threads=no --disable-shared --with-arch=rv32gc --with-abi=ilp32 --with-pkgversion='crosstool-NG esp-13.2.0_20240530' --disable-__cxa_atexit --enable-cxx-flags=-ffunction-sections --disable-libgomp --disable-libmudflap --disable-libmpx --disable-libssp --disable-libquadmath --disable-libquadmath-support --disable-libstdcxx-verbose --with-gmp=/Users/brnomac003/.gitlab-runner/builds/qR2TxTby/1/idf/crosstool-NG/.build/riscv32-esp-elf/buildtools --with-mpfr=/Users/brnomac003/.gitlab-runner/builds/qR2TxTby/1/idf/crosstool-NG/.build/riscv32-esp-elf/buildtools --with-mpc=/Users/brnomac003/.gitlab-runner/builds/qR2TxTby/1/idf/crosstool-NG/.build/riscv32-esp-elf/buildtools --with-isl=/Users/brnomac003/.gitlab-runner/builds/qR2TxTby/1/idf/crosstool-NG/.build/riscv32-esp-elf/buildtools --enable-lto --enable-target-optspace --without-long-double-128 --disable-nls --enable-multiarch --enable-languages=c,c++ --disable-libstdcxx-verbose --enable-threads=posix --enable-gcov-custom-rtio --enable-libstdcxx-time=yes
Thread model: posix
Supported LTO compression algorithms: zlib zstd
gcc version 13.2.0 (crosstool-NG esp-13.2.0_20240530) 
COLLECT_GCC_OPTIONS='-march=rv32imc_zicsr_zifencei' '-v' '-o' 'CMakeFiles/cmTC_2e03b.dir/CMakeCCompilerABI.c.obj' '-c' '-mabi=ilp32' '-misa-spec=20191213' '-march=rv32imc_zicsr_zifencei' '-dumpdir' 'CMakeFiles/cmTC_2e03b.dir/'
 /Users/deaafrizal/.espressif/tools/riscv32-esp-elf/esp-13.2.0_20240530/riscv32-esp-elf/bin/../libexec/gcc/riscv32-esp-elf/13.2.0/cc1 -quiet -v -imultilib rv32imc_zicsr_zifencei/ilp32 -iprefix /Users/deaafrizal/.espressif/tools/riscv32-esp-elf/esp-13.2.0_20240530/riscv32-esp-elf/bin/../lib/gcc/riscv32-esp-elf/13.2.0/ -isysroot /Users/deaafrizal/.espressif/tools/riscv32-esp-elf/esp-13.2.0_20240530/riscv32-esp-elf/bin/../riscv32-esp-elf /Users/deaafrizal/.espressif/tools/cmake/3.24.0/CMake.app/Contents/share/cmake-3.24/Modules/CMakeCCompilerABI.c -quiet -dumpdir CMakeFiles/cmTC_2e03b.dir/ -dumpbase CMakeCCompilerABI.c.c -dumpbase-ext .c -march=rv32imc_zicsr_zifencei -mabi=ilp32 -misa-spec=20191213 -march=rv32imc_zicsr_zifencei -version -o /var/folders/vh/mrgngl7s2fbcpsscljzx67g40000gn/T//ccK238zx.s
GNU C17 (crosstool-NG esp-13.2.0_20240530) version 13.2.0 (riscv32-esp-elf)
	compiled by GNU C version Apple LLVM 13.0.0 (clang-1300.0.27.3), GMP version 6.2.1, MPFR version 4.2.1, MPC version 1.2.1, isl version isl-0.26-GMP

GGC heuristics: --param ggc-min-expand=100 --param ggc-min-heapsize=131072
ignoring duplicate directory "/Users/deaafrizal/.espressif/tools/riscv32-esp-elf/esp-13.2.0_20240530/riscv32-esp-elf/bin/../lib/gcc/../../lib/gcc/riscv32-esp-elf/13.2.0/include"
ignoring nonexistent directory "/Users/deaafrizal/.espressif/tools/riscv32-esp-elf/esp-13.2.0_20240530/riscv32-esp-elf/bin/../riscv32-esp-elf/Users/brnomac003/.gitlab-runner/builds/qR2TxTby/1/idf/crosstool-NG/builds/riscv32-esp-elf/riscv32-esp-elf/include"
ignoring duplicate directory "/Users/deaafrizal/.espressif/tools/riscv32-esp-elf/esp-13.2.0_20240530/riscv32-esp-elf/bin/../lib/gcc/../../lib/gcc/riscv32-esp-elf/13.2.0/include-fixed"
ignoring duplicate directory "/Users/deaafrizal/.espressif/tools/riscv32-esp-elf/esp-13.2.0_20240530/riscv32-esp-elf/bin/../lib/gcc/../../lib/gcc/riscv32-esp-elf/13.2.0/../../../../riscv32-esp-elf/include"
ignoring duplicate directory "/Users/deaafrizal/.espressif/tools/riscv32-esp-elf/esp-13.2.0_20240530/riscv32-esp-elf/bin/../riscv32-esp-elf/include"
#include "..." search starts here:
#include <...> search starts here:
 /Users/deaafrizal/.espressif/tools/riscv32-esp-elf/esp-13.2.0_20240530/riscv32-esp-elf/bin/../lib/gcc/riscv32-esp-elf/13.2.0/include
 /Users/deaafrizal/.espressif/tools/riscv32-esp-elf/esp-13.2.0_20240530/riscv32-esp-elf/bin/../lib/gcc/riscv32-esp-elf/13.2.0/include-fixed
 /Users/deaafrizal/.espressif/tools/riscv32-esp-elf/esp-13.2.0_20240530/riscv32-esp-elf/bin/../lib/gcc/riscv32-esp-elf/13.2.0/../../../../riscv32-esp-elf/include
End of search list.
Compiler executable checksum: b5a29b469e6b98385738002b4dc82fc4
COLLECT_GCC_OPTIONS='-march=rv32imc_zicsr_zifencei' '-v' '-o' 'CMakeFiles/cmTC_2e03b.dir/CMakeCCompilerABI.c.obj' '-c' '-mabi=ilp32' '-misa-spec=20191213' '-march=rv32imc_zicsr_zifencei' '-dumpdir' 'CMakeFiles/cmTC_2e03b.dir/'
 /Users/deaafrizal/.espressif/tools/riscv32-esp-elf/esp-13.2.0_20240530/riscv32-esp-elf/bin/../lib/gcc/riscv32-esp-elf/13.2.0/../../../../riscv32-esp-elf/bin/as -v --traditional-format -march=rv32imc_zicsr_zifencei -march=rv32imc_zicsr_zifencei -mabi=ilp32 -misa-spec=20191213 -o CMakeFiles/cmTC_2e03b.dir/CMakeCCompilerABI.c.obj /var/folders/vh/mrgngl7s2fbcpsscljzx67g40000gn/T//ccK238zx.s
GNU assembler version 2.41 (riscv32-esp-elf) using BFD version (crosstool-NG esp-13.2.0_20240530) 2.41
COMPILER_PATH=/Users/deaafrizal/.espressif/tools/riscv32-esp-elf/esp-13.2.0_20240530/riscv32-esp-elf/bin/../libexec/gcc/riscv32-esp-elf/13.2.0/:/Users/deaafrizal/.espressif/tools/riscv32-esp-elf/esp-13.2.0_20240530/riscv32-esp-elf/bin/../libexec/gcc/:/Users/deaafrizal/.espressif/tools/riscv32-esp-elf/esp-13.2.0_20240530/riscv32-esp-elf/bin/../lib/gcc/riscv32-esp-elf/13.2.0/../../../../riscv32-esp-elf/bin/
LIBRARY_PATH=/Users/deaafrizal/.espressif/tools/riscv32-esp-elf/esp-13.2.0_20240530/riscv32-esp-elf/bin/../lib/gcc/riscv32-esp-elf/13.2.0/rv32imc_zicsr_zifencei/ilp32/:/Users/deaafrizal/.espressif/tools/riscv32-esp-elf/esp-13.2.0_20240530/riscv32-esp-elf/bin/../lib/gcc/riscv32-esp-elf/13.2.0/../../../../riscv32-esp-elf/lib/rv32imc_zicsr_zifencei/ilp32/:/Users/deaafrizal/.espressif/tools/riscv32-esp-elf/esp-13.2.0_20240530/riscv32-esp-elf/bin/../riscv32-esp-elf/lib/rv32imc_zicsr_zifencei/ilp32/:/Users/deaafrizal/.espressif/tools/riscv32-esp-elf/esp-13.2.0_20240530/riscv32-esp-elf/bin/../lib/gcc/riscv32-esp-elf/13.2.0/:/Users/deaafrizal/.espressif/tools/riscv32-esp-elf/esp-13.2.0_20240530/riscv32-esp-elf/bin/../lib/gcc/:/Users/deaafrizal/.espressif/tools/riscv32-esp-elf/esp-13.2.0_20240530/riscv32-esp-elf/bin/../lib/gcc/riscv32-esp-elf/13.2.0/../../../../riscv32-esp-elf/lib/:/Users/deaafrizal/.espressif/tools/riscv32-esp-elf/esp-13.2.0_20240530/riscv32-esp-elf/bin/../riscv32-esp-elf/lib/:/Users/deaafrizal/.espressif/tools/riscv32-esp-elf/esp-13.2.0_20240530/riscv32-esp-elf/bin/../riscv32-esp-elf/usr/lib/
COLLECT_GCC_OPTIONS='-march=rv32imc_zicsr_zifencei' '-v' '-o' 'CMakeFiles/cmTC_2e03b.dir/CMakeCCompilerABI.c.obj' '-c' '-mabi=ilp32' '-misa-spec=20191213' '-march=rv32imc_zicsr_zifencei' '-dumpdir' 'CMakeFiles/cmTC_2e03b.dir/CMakeCCompilerABI.c.'
Linking C executable cmTC_2e03b
/Users/deaafrizal/.espressif/tools/cmake/3.24.0/CMake.app/Contents/bin/cmake -E cmake_link_script CMakeFiles/cmTC_2e03b.dir/link.txt --verbose=1
/Users/deaafrizal/.espressif/tools/riscv32-esp-elf/esp-13.2.0_20240530/riscv32-esp-elf/bin/riscv32-esp-elf-gcc -march=rv32imc_zicsr_zifencei   -nostartfiles -march=rv32imc_zicsr_zifencei --specs=nosys.specs  -v CMakeFiles/cmTC_2e03b.dir/CMakeCCompilerABI.c.obj -o cmTC_2e03b 
Using built-in specs.
Reading specs from /Users/deaafrizal/.espressif/tools/riscv32-esp-elf/esp-13.2.0_20240530/riscv32-esp-elf/bin/../lib/gcc/riscv32-esp-elf/13.2.0/../../../../riscv32-esp-elf/lib/nosys.specs
rename spec link_gcc_c_sequence to nosys_link_gcc_c_sequence
COLLECT_GCC=/Users/deaafrizal/.espressif/tools/riscv32-esp-elf/esp-13.2.0_20240530/riscv32-esp-elf/bin/riscv32-esp-elf-gcc
COLLECT_LTO_WRAPPER=/Users/deaafrizal/.espressif/tools/riscv32-esp-elf/esp-13.2.0_20240530/riscv32-esp-elf/bin/../libexec/gcc/riscv32-esp-elf/13.2.0/lto-wrapper
Target: riscv32-esp-elf
Configured with: /Users/brnomac003/.gitlab-runner/builds/qR2TxTby/1/idf/crosstool-NG/.build/riscv32-esp-elf/src/gcc/configure --build=aarch64-build_apple-darwin21.4.0 --host=aarch64-build_apple-darwin21.4.0 --target=riscv32-esp-elf --prefix=/Users/brnomac003/.gitlab-runner/builds/qR2TxTby/1/idf/crosstool-NG/builds/riscv32-esp-elf --exec_prefix=/Users/brnomac003/.gitlab-runner/builds/qR2TxTby/1/idf/crosstool-NG/builds/riscv32-esp-elf --with-local-prefix=/Users/brnomac003/.gitlab-runner/builds/qR2TxTby/1/idf/crosstool-NG/builds/riscv32-esp-elf/riscv32-esp-elf --with-sysroot=/Users/brnomac003/.gitlab-runner/builds/qR2TxTby/1/idf/crosstool-NG/builds/riscv32-esp-elf/riscv32-esp-elf --with-native-system-header-dir=/include --with-newlib --enable-threads=no --disable-shared --with-arch=rv32gc --with-abi=ilp32 --with-pkgversion='crosstool-NG esp-13.2.0_20240530' --disable-__cxa_atexit --enable-cxx-flags=-ffunction-sections --disable-libgomp --disable-libmudflap --disable-libmpx --disable-libssp --disable-libquadmath --disable-libquadmath-support --disable-libstdcxx-verbose --with-gmp=/Users/brnomac003/.gitlab-runner/builds/qR2TxTby/1/idf/crosstool-NG/.build/riscv32-esp-elf/buildtools --with-mpfr=/Users/brnomac003/.gitlab-runner/builds/qR2TxTby/1/idf/crosstool-NG/.build/riscv32-esp-elf/buildtools --with-mpc=/Users/brnomac003/.gitlab-runner/builds/qR2TxTby/1/idf/crosstool-NG/.build/riscv32-esp-elf/buildtools --with-isl=/Users/brnomac003/.gitlab-runner/builds/qR2TxTby/1/idf/crosstool-NG/.build/riscv32-esp-elf/buildtools --enable-lto --enable-target-optspace --without-long-double-128 --disable-nls --enable-multiarch --enable-languages=c,c++ --disable-libstdcxx-verbose --enable-threads=posix --enable-gcov-custom-rtio --enable-libstdcxx-time=yes
Thread model: posix
Supported LTO compression algorithms: zlib zstd
gcc version 13.2.0 (crosstool-NG esp-13.2.0_20240530) 
COMPILER_PATH=/Users/deaafrizal/.espressif/tools/riscv32-esp-elf/esp-13.2.0_20240530/riscv32-esp-elf/bin/../libexec/gcc/riscv32-esp-elf/13.2.0/:/Users/deaafrizal/.espressif/tools/riscv32-esp-elf/esp-13.2.0_20240530/riscv32-esp-elf/bin/../libexec/gcc/:/Users/deaafrizal/.espressif/tools/riscv32-esp-elf/esp-13.2.0_20240530/riscv32-esp-elf/bin/../lib/gcc/riscv32-esp-elf/13.2.0/../../../../riscv32-esp-elf/bin/
LIBRARY_PATH=/Users/deaafrizal/.espressif/tools/riscv32-esp-elf/esp-13.2.0_20240530/riscv32-esp-elf/bin/../lib/gcc/riscv32-esp-elf/13.2.0/rv32imc_zicsr_zifencei/ilp32/:/Users/deaafrizal/.espressif/tools/riscv32-esp-elf/esp-13.2.0_20240530/riscv32-esp-elf/bin/../lib/gcc/riscv32-esp-elf/13.2.0/../../../../riscv32-esp-elf/lib/rv32imc_zicsr_zifencei/ilp32/:/Users/deaafrizal/.espressif/tools/riscv32-esp-elf/esp-13.2.0_20240530/riscv32-esp-elf/bin/../riscv32-esp-elf/lib/rv32imc_zicsr_zifencei/ilp32/:/Users/deaafrizal/.espressif/tools/riscv32-esp-elf/esp-13.2.0_20240530/riscv32-esp-elf/bin/../lib/gcc/riscv32-esp-elf/13.2.0/:/Users/deaafrizal/.espressif/tools/riscv32-esp-elf/esp-13.2.0_20240530/riscv32-esp-elf/bin/../lib/gcc/:/Users/deaafrizal/.espressif/tools/riscv32-esp-elf/esp-13.2.0_20240530/riscv32-esp-elf/bin/../lib/gcc/riscv32-esp-elf/13.2.0/../../../../riscv32-esp-elf/lib/:/Users/deaafrizal/.espressif/tools/riscv32-esp-elf/esp-13.2.0_20240530/riscv32-esp-elf/bin/../riscv32-esp-elf/lib/:/Users/deaafrizal/.espressif/tools/riscv32-esp-elf/esp-13.2.0_20240530/riscv32-esp-elf/bin/../riscv32-esp-elf/usr/lib/
COLLECT_GCC_OPTIONS='-nostartfiles' '-march=rv32imc_zicsr_zifencei' '-specs=nosys.specs' '-v' '-o' 'cmTC_2e03b' '-mabi=ilp32' '-misa-spec=20191213' '-march=rv32imc_zicsr_zifencei' '-dumpdir' 'cmTC_2e03b.'
 /Users/deaafrizal/.espressif/tools/riscv32-esp-elf/esp-13.2.0_20240530/riscv32-esp-elf/bin/../libexec/gcc/riscv32-esp-elf/13.2.0/collect2 -plugin /Users/deaafrizal/.espressif/tools/riscv32-esp-elf/esp-13.2.0_20240530/riscv32-esp-elf/bin/../libexec/gcc/riscv32-esp-elf/13.2.0/liblto_plugin.so -plugin-opt=/Users/deaafrizal/.espressif/tools/riscv32-esp-elf/esp-13.2.0_20240530/riscv32-esp-elf/bin/../libexec/gcc/riscv32-esp-elf/13.2.0/lto-wrapper -plugin-opt=-fresolution=/var/folders/vh/mrgngl7s2fbcpsscljzx67g40000gn/T//cc0XzsSv.res -plugin-opt=-pass-through=-lgcc -plugin-opt=-pass-through=-lc -plugin-opt=-pass-through=-lnosys -plugin-opt=-pass-through=-lc -plugin-opt=-pass-through=-lgcc -plugin-opt=-pass-through=-lgcc -plugin-opt=-pass-through=-lc -plugin-opt=-pass-through=-lnosys --sysroot=/Users/deaafrizal/.espressif/tools/riscv32-esp-elf/esp-13.2.0_20240530/riscv32-esp-elf/bin/../riscv32-esp-elf -melf32lriscv -o cmTC_2e03b -L/Users/deaafrizal/.espressif/tools/riscv32-esp-elf/esp-13.2.0_20240530/riscv32-esp-elf/bin/../lib/gcc/riscv32-esp-elf/13.2.0/rv32imc_zicsr_zifencei/ilp32 -L/Users/deaafrizal/.espressif/tools/riscv32-esp-elf/esp-13.2.0_20240530/riscv32-esp-elf/bin/../lib/gcc/riscv32-esp-elf/13.2.0/../../../../riscv32-esp-elf/lib/rv32imc_zicsr_zifencei/ilp32 -L/Users/deaafrizal/.espressif/tools/riscv32-esp-elf/esp-13.2.0_20240530/riscv32-esp-elf/bin/../riscv32-esp-elf/lib/rv32imc_zicsr_zifencei/ilp32 -L/Users/deaafrizal/.espressif/tools/riscv32-esp-elf/esp-13.2.0_20240530/riscv32-esp-elf/bin/../lib/gcc/riscv32-esp-elf/13.2.0 -L/Users/deaafrizal/.espressif/tools/riscv32-esp-elf/esp-13.2.0_20240530/riscv32-esp-elf/bin/../lib/gcc -L/Users/deaafrizal/.espressif/tools/riscv32-esp-elf/esp-13.2.0_20240530/riscv32-esp-elf/bin/../lib/gcc/riscv32-esp-elf/13.2.0/../../../../riscv32-esp-elf/lib -L/Users/deaafrizal/.espressif/tools/riscv32-esp-elf/esp-13.2.0_20240530/riscv32-esp-elf/bin/../riscv32-esp-elf/lib -L/Users/deaafrizal/.espressif/tools/riscv32-esp-elf/esp-13.2.0_20240530/riscv32-esp-elf/bin/../riscv32-esp-elf/usr/lib CMakeFiles/cmTC_2e03b.dir/CMakeCCompilerABI.c.obj -lgcc -lc -lnosys -lc -lgcc --start-group -lgcc -lc -lnosys --end-group
/Users/deaafrizal/.espressif/tools/riscv32-esp-elf/esp-13.2.0_20240530/riscv32-esp-elf/bin/../lib/gcc/riscv32-esp-elf/13.2.0/../../../../riscv32-esp-elf/bin/ld: warning: cannot find entry symbol _start; defaulting to 00010074
COLLECT_GCC_OPTIONS='-nostartfiles' '-march=rv32imc_zicsr_zifencei' '-specs=nosys.specs' '-v' '-o' 'cmTC_2e03b' '-mabi=ilp32' '-misa-spec=20191213' '-march=rv32imc_zicsr_zifencei' '-dumpdir' 'cmTC_2e03b.'



Parsed C implicit include dir info from above output: rv=done
  found start of include info
  found start of implicit include info
    add: [/Users/deaafrizal/.espressif/tools/riscv32-esp-elf/esp-13.2.0_20240530/riscv32-esp-elf/bin/../lib/gcc/riscv32-esp-elf/13.2.0/include]
    add: [/Users/deaafrizal/.espressif/tools/riscv32-esp-elf/esp-13.2.0_20240530/riscv32-esp-elf/bin/../lib/gcc/riscv32-esp-elf/13.2.0/include-fixed]
    add: [/Users/deaafrizal/.espressif/tools/riscv32-esp-elf/esp-13.2.0_20240530/riscv32-esp-elf/bin/../lib/gcc/riscv32-esp-elf/13.2.0/../../../../riscv32-esp-elf/include]
  end of search list found
  collapse include dir [/Users/deaafrizal/.espressif/tools/riscv32-esp-elf/esp-13.2.0_20240530/riscv32-esp-elf/bin/../lib/gcc/riscv32-esp-elf/13.2.0/include] ==> [/Users/deaafrizal/.espressif/tools/riscv32-esp-elf/esp-13.2.0_20240530/riscv32-esp-elf/lib/gcc/riscv32-esp-elf/13.2.0/include]
  collapse include dir [/Users/deaafrizal/.espressif/tools/riscv32-esp-elf/esp-13.2.0_20240530/riscv32-esp-elf/bin/../lib/gcc/riscv32-esp-elf/13.2.0/include-fixed] ==> [/Users/deaafrizal/.espressif/tools/riscv32-esp-elf/esp-13.2.0_20240530/riscv32-esp-elf/lib/gcc/riscv32-esp-elf/13.2.0/include-fixed]
  collapse include dir [/Users/deaafrizal/.espressif/tools/riscv32-esp-elf/esp-13.2.0_20240530/riscv32-esp-elf/bin/../lib/gcc/riscv32-esp-elf/13.2.0/../../../../riscv32-esp-elf/include] ==> [/Users/deaafrizal/.espressif/tools/riscv32-esp-elf/esp-13.2.0_20240530/riscv32-esp-elf/riscv32-esp-elf/include]
  implicit include dirs: [/Users/deaafrizal/.espressif/tools/riscv32-esp-elf/esp-13.2.0_20240530/riscv32-esp-elf/lib/gcc/riscv32-esp-elf/13.2.0/include;/Users/deaafrizal/.espressif/tools/riscv32-esp-elf/esp-13.2.0_20240530/riscv32-esp-elf/lib/gcc/riscv32-esp-elf/13.2.0/include-fixed;/Users/deaafrizal/.espressif/tools/riscv32-esp-elf/esp-13.2.0_20240530/riscv32-esp-elf/riscv32-esp-elf/include]


Parsed C implicit link information from above output:
  link line regex: [^( *|.*[/\])(riscv32-esp-elf-ld|CMAKE_LINK_STARTFILE-NOTFOUND|([^/\]+-)?ld|collect2)[^/\]*( |$)]
  ignore line: [Change Dir: /Users/deaafrizal/Projects/platformio/cuybot-rtos/build/CMakeFiles/CMakeTmp]
  ignore line: []
  ignore line: [Run Build Command(s):/usr/bin/make -f Makefile cmTC_2e03b/fast && /Applications/Xcode.app/Contents/Developer/usr/bin/make  -f CMakeFiles/cmTC_2e03b.dir/build.make CMakeFiles/cmTC_2e03b.dir/build]
  ignore line: [Building C object CMakeFiles/cmTC_2e03b.dir/CMakeCCompilerABI.c.obj]
  ignore line: [/Users/deaafrizal/.espressif/tools/riscv32-esp-elf/esp-13.2.0_20240530/riscv32-esp-elf/bin/riscv32-esp-elf-gcc   -march=rv32imc_zicsr_zifencei     -v -o CMakeFiles/cmTC_2e03b.dir/CMakeCCompilerABI.c.obj -c /Users/deaafrizal/.espressif/tools/cmake/3.24.0/CMake.app/Contents/share/cmake-3.24/Modules/CMakeCCompilerABI.c]
  ignore line: [Using built-in specs.]
  ignore line: [COLLECT_GCC=/Users/deaafrizal/.espressif/tools/riscv32-esp-elf/esp-13.2.0_20240530/riscv32-esp-elf/bin/riscv32-esp-elf-gcc]
  ignore line: [Target: riscv32-esp-elf]
  ignore line: [Configured with: /Users/brnomac003/.gitlab-runner/builds/qR2TxTby/1/idf/crosstool-NG/.build/riscv32-esp-elf/src/gcc/configure --build=aarch64-build_apple-darwin21.4.0 --host=aarch64-build_apple-darwin21.4.0 --target=riscv32-esp-elf --prefix=/Users/brnomac003/.gitlab-runner/builds/qR2TxTby/1/idf/crosstool-NG/builds/riscv32-esp-elf --exec_prefix=/Users/brnomac003/.gitlab-runner/builds/qR2TxTby/1/idf/crosstool-NG/builds/riscv32-esp-elf --with-local-prefix=/Users/brnomac003/.gitlab-runner/builds/qR2TxTby/1/idf/crosstool-NG/builds/riscv32-esp-elf/riscv32-esp-elf --with-sysroot=/Users/brnomac003/.gitlab-runner/builds/qR2TxTby/1/idf/crosstool-NG/builds/riscv32-esp-elf/riscv32-esp-elf --with-native-system-header-dir=/include --with-newlib --enable-threads=no --disable-shared --with-arch=rv32gc --with-abi=ilp32 --with-pkgversion='crosstool-NG esp-13.2.0_20240530' --disable-__cxa_atexit --enable-cxx-flags=-ffunction-sections --disable-libgomp --disable-libmudflap --disable-libmpx --disable-libssp --disable-libquadmath --disable-libquadmath-support --disable-libstdcxx-verbose --with-gmp=/Users/brnomac003/.gitlab-runner/builds/qR2TxTby/1/idf/crosstool-NG/.build/riscv32-esp-elf/buildtools --with-mpfr=/Users/brnomac003/.gitlab-runner/builds/qR2TxTby/1/idf/crosstool-NG/.build/riscv32-esp-elf/buildtools --with-mpc=/Users/brnomac003/.gitlab-runner/builds/qR2TxTby/1/idf/crosstool-NG/.build/riscv32-esp-elf/buildtools --with-isl=/Users/brnomac003/.gitlab-runner/builds/qR2TxTby/1/idf/crosstool-NG/.build/riscv32-esp-elf/buildtools --enable-lto --enable-target-optspace --without-long-double-128 --disable-nls --enable-multiarch --enable-languages=c c++ --disable-libstdcxx-verbose --enable-threads=posix --enable-gcov-custom-rtio --enable-libstdcxx-time=yes]
  ignore line: [Thread model: posix]
  ignore line: [Supported LTO compression algorithms: zlib zstd]
  ignore line: [gcc version 13.2.0 (crosstool-NG esp-13.2.0_20240530) ]
  ignore line: [COLLECT_GCC_OPTIONS='-march=rv32imc_zicsr_zifencei' '-v' '-o' 'CMakeFiles/cmTC_2e03b.dir/CMakeCCompilerABI.c.obj' '-c' '-mabi=ilp32' '-misa-spec=20191213' '-march=rv32imc_zicsr_zifencei' '-dumpdir' 'CMakeFiles/cmTC_2e03b.dir/']
  ignore line: [ /Users/deaafrizal/.espressif/tools/riscv32-esp-elf/esp-13.2.0_20240530/riscv32-esp-elf/bin/../libexec/gcc/riscv32-esp-elf/13.2.0/cc1 -quiet -v -imultilib rv32imc_zicsr_zifencei/ilp32 -iprefix /Users/deaafrizal/.espressif/tools/riscv32-esp-elf/esp-13.2.0_20240530/riscv32-esp-elf/bin/../lib/gcc/riscv32-esp-elf/13.2.0/ -isysroot /Users/deaafrizal/.espressif/tools/riscv32-esp-elf/esp-13.2.0_20240530/riscv32-esp-elf/bin/../riscv32-esp-elf /Users/deaafrizal/.espressif/tools/cmake/3.24.0/CMake.app/Contents/share/cmake-3.24/Modules/CMakeCCompilerABI.c -quiet -dumpdir CMakeFiles/cmTC_2e03b.dir/ -dumpbase CMakeCCompilerABI.c.c -dumpbase-ext .c -march=rv32imc_zicsr_zifencei -mabi=ilp32 -misa-spec=20191213 -march=rv32imc_zicsr_zifencei -version -o /var/folders/vh/mrgngl7s2fbcpsscljzx67g40000gn/T//ccK238zx.s]
  ignore line: [GNU C17 (crosstool-NG esp-13.2.0_20240530) version 13.2.0 (riscv32-esp-elf)]
  ignore line: [	compiled by GNU C version Apple LLVM 13.0.0 (clang-1300.0.27.3)  GMP version 6.2.1  MPFR version 4.2.1  MPC version 1.2.1  isl version isl-0.26-GMP]
  ignore line: []
  ignore line: [GGC heuristics: --param ggc-min-expand=100 --param ggc-min-heapsize=131072]
  ignore line: [ignoring duplicate directory "/Users/deaafrizal/.espressif/tools/riscv32-esp-elf/esp-13.2.0_20240530/riscv32-esp-elf/bin/../lib/gcc/../../lib/gcc/riscv32-esp-elf/13.2.0/include"]
  ignore line: [ignoring nonexistent directory "/Users/deaafrizal/.espressif/tools/riscv32-esp-elf/esp-13.2.0_20240530/riscv32-esp-elf/bin/../riscv32-esp-elf/Users/brnomac003/.gitlab-runner/builds/qR2TxTby/1/idf/crosstool-NG/builds/riscv32-esp-elf/riscv32-esp-elf/include"]
  ignore line: [ignoring duplicate directory "/Users/deaafrizal/.espressif/tools/riscv32-esp-elf/esp-13.2.0_20240530/riscv32-esp-elf/bin/../lib/gcc/../../lib/gcc/riscv32-esp-elf/13.2.0/include-fixed"]
  ignore line: [ignoring duplicate directory "/Users/deaafrizal/.espressif/tools/riscv32-esp-elf/esp-13.2.0_20240530/riscv32-esp-elf/bin/../lib/gcc/../../lib/gcc/riscv32-esp-elf/13.2.0/../../../../riscv32-esp-elf/include"]
  ignore line: [ignoring duplicate directory "/Users/deaafrizal/.espressif/tools/riscv32-esp-elf/esp-13.2.0_20240530/riscv32-esp-elf/bin/../riscv32-esp-elf/include"]
  ignore line: [#include "..." search starts here:]
  ignore line: [#include <...> search starts here:]
  ignore line: [ /Users/deaafrizal/.espressif/tools/riscv32-esp-elf/esp-13.2.0_20240530/riscv32-esp-elf/bin/../lib/gcc/riscv32-esp-elf/13.2.0/include]
  ignore line: [ /Users/deaafrizal/.espressif/tools/riscv32-esp-elf/esp-13.2.0_20240530/riscv32-esp-elf/bin/../lib/gcc/riscv32-esp-elf/13.2.0/include-fixed]
  ignore line: [ /Users/deaafrizal/.espressif/tools/riscv32-esp-elf/esp-13.2.0_20240530/riscv32-esp-elf/bin/../lib/gcc/riscv32-esp-elf/13.2.0/../../../../riscv32-esp-elf/include]
  ignore line: [End of search list.]
  ignore line: [Compiler executable checksum: b5a29b469e6b98385738002b4dc82fc4]
  ignore line: [COLLECT_GCC_OPTIONS='-march=rv32imc_zicsr_zifencei' '-v' '-o' 'CMakeFiles/cmTC_2e03b.dir/CMakeCCompilerABI.c.obj' '-c' '-mabi=ilp32' '-misa-spec=20191213' '-march=rv32imc_zicsr_zifencei' '-dumpdir' 'CMakeFiles/cmTC_2e03b.dir/']
  ignore line: [ /Users/deaafrizal/.espressif/tools/riscv32-esp-elf/esp-13.2.0_20240530/riscv32-esp-elf/bin/../lib/gcc/riscv32-esp-elf/13.2.0/../../../../riscv32-esp-elf/bin/as -v --traditional-format -march=rv32imc_zicsr_zifencei -march=rv32imc_zicsr_zifencei -mabi=ilp32 -misa-spec=20191213 -o CMakeFiles/cmTC_2e03b.dir/CMakeCCompilerABI.c.obj /var/folders/vh/mrgngl7s2fbcpsscljzx67g40000gn/T//ccK238zx.s]
  ignore line: [GNU assembler version 2.41 (riscv32-esp-elf) using BFD version (crosstool-NG esp-13.2.0_20240530) 2.41]
  ignore line: [COMPILER_PATH=/Users/deaafrizal/.espressif/tools/riscv32-esp-elf/esp-13.2.0_20240530/riscv32-esp-elf/bin/../libexec/gcc/riscv32-esp-elf/13.2.0/:/Users/deaafrizal/.espressif/tools/riscv32-esp-elf/esp-13.2.0_20240530/riscv32-esp-elf/bin/../libexec/gcc/:/Users/deaafrizal/.espressif/tools/riscv32-esp-elf/esp-13.2.0_20240530/riscv32-esp-elf/bin/../lib/gcc/riscv32-esp-elf/13.2.0/../../../../riscv32-esp-elf/bin/]
  ignore line: [LIBRARY_PATH=/Users/deaafrizal/.espressif/tools/riscv32-esp-elf/esp-13.2.0_20240530/riscv32-esp-elf/bin/../lib/gcc/riscv32-esp-elf/13.2.0/rv32imc_zicsr_zifencei/ilp32/:/Users/deaafrizal/.espressif/tools/riscv32-esp-elf/esp-13.2.0_20240530/riscv32-esp-elf/bin/../lib/gcc/riscv32-esp-elf/13.2.0/../../../../riscv32-esp-elf/lib/rv32imc_zicsr_zifencei/ilp32/:/Users/deaafrizal/.espressif/tools/riscv32-esp-elf/esp-13.2.0_20240530/riscv32-esp-elf/bin/../riscv32-esp-elf/lib/rv32imc_zicsr_zifencei/ilp32/:/Users/deaafrizal/.espressif/tools/riscv32-esp-elf/esp-13.2.0_20240530/riscv32-esp-elf/bin/../lib/gcc/riscv32-esp-elf/13.2.0/:/Users/deaafrizal/.espressif/tools/riscv32-esp-elf/esp-13.2.0_20240530/riscv32-esp-elf/bin/../lib/gcc/:/Users/deaafrizal/.espressif/tools/riscv32-esp-elf/esp-13.2.0_20240530/riscv32-esp-elf/bin/../lib/gcc/riscv32-esp-elf/13.2.0/../../../../riscv32-esp-elf/lib/:/Users/deaafrizal/.espressif/tools/riscv32-esp-elf/esp-13.2.0_20240530/riscv32-esp-elf/bin/../riscv32-esp-elf/lib/:/Users/deaafrizal/.espressif/tools/riscv32-esp-elf/esp-13.2.0_20240530/riscv32-esp-elf/bin/../riscv32-esp-elf/usr/lib/]
  ignore line: [COLLECT_GCC_OPTIONS='-march=rv32imc_zicsr_zifencei' '-v' '-o' 'CMakeFiles/cmTC_2e03b.dir/CMakeCCompilerABI.c.obj' '-c' '-mabi=ilp32' '-misa-spec=20191213' '-march=rv32imc_zicsr_zifencei' '-dumpdir' 'CMakeFiles/cmTC_2e03b.dir/CMakeCCompilerABI.c.']
  ignore line: [Linking C executable cmTC_2e03b]
  ignore line: [/Users/deaafrizal/.espressif/tools/cmake/3.24.0/CMake.app/Contents/bin/cmake -E cmake_link_script CMakeFiles/cmTC_2e03b.dir/link.txt --verbose=1]
  ignore line: [/Users/deaafrizal/.espressif/tools/riscv32-esp-elf/esp-13.2.0_20240530/riscv32-esp-elf/bin/riscv32-esp-elf-gcc -march=rv32imc_zicsr_zifencei   -nostartfiles -march=rv32imc_zicsr_zifencei --specs=nosys.specs  -v CMakeFiles/cmTC_2e03b.dir/CMakeCCompilerABI.c.obj -o cmTC_2e03b ]
  ignore line: [Using built-in specs.]
  ignore line: [Reading specs from /Users/deaafrizal/.espressif/tools/riscv32-esp-elf/esp-13.2.0_20240530/riscv32-esp-elf/bin/../lib/gcc/riscv32-esp-elf/13.2.0/../../../../riscv32-esp-elf/lib/nosys.specs]
  ignore line: [rename spec link_gcc_c_sequence to nosys_link_gcc_c_sequence]
  ignore line: [COLLECT_GCC=/Users/deaafrizal/.espressif/tools/riscv32-esp-elf/esp-13.2.0_20240530/riscv32-esp-elf/bin/riscv32-esp-elf-gcc]
  ignore line: [COLLECT_LTO_WRAPPER=/Users/deaafrizal/.espressif/tools/riscv32-esp-elf/esp-13.2.0_20240530/riscv32-esp-elf/bin/../libexec/gcc/riscv32-esp-elf/13.2.0/lto-wrapper]
  ignore line: [Target: riscv32-esp-elf]
  ignore line: [Configured with: /Users/brnomac003/.gitlab-runner/builds/qR2TxTby/1/idf/crosstool-NG/.build/riscv32-esp-elf/src/gcc/configure --build=aarch64-build_apple-darwin21.4.0 --host=aarch64-build_apple-darwin21.4.0 --target=riscv32-esp-elf --prefix=/Users/brnomac003/.gitlab-runner/builds/qR2TxTby/1/idf/crosstool-NG/builds/riscv32-esp-elf --exec_prefix=/Users/brnomac003/.gitlab-runner/builds/qR2TxTby/1/idf/crosstool-NG/builds/riscv32-esp-elf --with-local-prefix=/Users/brnomac003/.gitlab-runner/builds/qR2TxTby/1/idf/crosstool-NG/builds/riscv32-esp-elf/riscv32-esp-elf --with-sysroot=/Users/brnomac003/.gitlab-runner/builds/qR2TxTby/1/idf/crosstool-NG/builds/riscv32-esp-elf/riscv32-esp-elf --with-native-system-header-dir=/include --with-newlib --enable-threads=no --disable-shared --with-arch=rv32gc --with-abi=ilp32 --with-pkgversion='crosstool-NG esp-13.2.0_20240530' --disable-__cxa_atexit --enable-cxx-flags=-ffunction-sections --disable-libgomp --disable-libmudflap --disable-libmpx --disable-libssp --disable-libquadmath --disable-libquadmath-support --disable-libstdcxx-verbose --with-gmp=/Users/brnomac003/.gitlab-runner/builds/qR2TxTby/1/idf/crosstool-NG/.build/riscv32-esp-elf/buildtools --with-mpfr=/Users/brnomac003/.gitlab-runner/builds/qR2TxTby/1/idf/crosstool-NG/.build/riscv32-esp-elf/buildtools --with-mpc=/Users/brnomac003/.gitlab-runner/builds/qR2TxTby/1/idf/crosstool-NG/.build/riscv32-esp-elf/buildtools --with-isl=/Users/brnomac003/.gitlab-runner/builds/qR2TxTby/1/idf/crosstool-NG/.build/riscv32-esp-elf/buildtools --enable-lto --enable-target-optspace --without-long-double-128 --disable-nls --enable-multiarch --enable-languages=c c++ --disable-libstdcxx-verbose --enable-threads=posix --enable-gcov-custom-rtio --enable-libstdcxx-time=yes]
  ignore line: [Thread model: posix]
  ignore line: [Supported LTO compression algorithms: zlib zstd]
  ignore line: [gcc version 13.2.0 (crosstool-NG esp-13.2.0_20240530) ]
  ignore line: [COMPILER_PATH=/Users/deaafrizal/.espressif/tools/riscv32-esp-elf/esp-13.2.0_20240530/riscv32-esp-elf/bin/../libexec/gcc/riscv32-esp-elf/13.2.0/:/Users/deaafrizal/.espressif/tools/riscv32-esp-elf/esp-13.2.0_20240530/riscv32-esp-elf/bin/../libexec/gcc/:/Users/deaafrizal/.espressif/tools/riscv32-esp-elf/esp-13.2.0_20240530/riscv32-esp-elf/bin/../lib/gcc/riscv32-esp-elf/13.2.0/../../../../riscv32-esp-elf/bin/]
  ignore line: [LIBRARY_PATH=/Users/deaafrizal/.espressif/tools/riscv32-esp-elf/esp-13.2.0_20240530/riscv32-esp-elf/bin/../lib/gcc/riscv32-esp-elf/13.2.0/rv32imc_zicsr_zifencei/ilp32/:/Users/deaafrizal/.espressif/tools/riscv32-esp-elf/esp-13.2.0_20240530/riscv32-esp-elf/bin/../lib/gcc/riscv32-esp-elf/13.2.0/../../../../riscv32-esp-elf/lib/rv32imc_zicsr_zifencei/ilp32/:/Users/deaafrizal/.espressif/tools/riscv32-esp-elf/esp-13.2.0_20240530/riscv32-esp-elf/bin/../riscv32-esp-elf/lib/rv32imc_zicsr_zifencei/ilp32/:/Users/deaafrizal/.espressif/tools/riscv32-esp-elf/esp-13.2.0_20240530/riscv32-esp-elf/bin/../lib/gcc/riscv32-esp-elf/13.2.0/:/Users/deaafrizal/.espressif/tools/riscv32-esp-elf/esp-13.2.0_20240530/riscv32-esp-elf/bin/../lib/gcc/:/Users/deaafrizal/.espressif/tools/riscv32-esp-elf/esp-13.2.0_20240530/riscv32-esp-elf/bin/../lib/gcc/riscv32-esp-elf/13.2.0/../../../../riscv32-esp-elf/lib/:/Users/deaafrizal/.espressif/tools/riscv32-esp-elf/esp-13.2.0_20240530/riscv32-esp-elf/bin/../riscv32-esp-elf/lib/:/Users/deaafrizal/.espressif/tools/riscv32-esp-elf/esp-13.2.0_20240530/riscv32-esp-elf/bin/../riscv32-esp-elf/usr/lib/]
  ignore line: [COLLECT_GCC_OPTIONS='-nostartfiles' '-march=rv32imc_zicsr_zifencei' '-specs=nosys.specs' '-v' '-o' 'cmTC_2e03b' '-mabi=ilp32' '-misa-spec=20191213' '-march=rv32imc_zicsr_zifencei' '-dumpdir' 'cmTC_2e03b.']
  link line: [ /Users/deaafrizal/.espressif/tools/riscv32-esp-elf/esp-13.2.0_20240530/riscv32-esp-elf/bin/../libexec/gcc/riscv32-esp-elf/13.2.0/collect2 -plugin /Users/deaafrizal/.espressif/tools/riscv32-esp-elf/esp-13.2.0_20240530/riscv32-esp-elf/bin/../libexec/gcc/riscv32-esp-elf/13.2.0/liblto_plugin.so -plugin-opt=/Users/deaafrizal/.espressif/tools/riscv32-esp-elf/esp-13.2.0_20240530/riscv32-esp-elf/bin/../libexec/gcc/riscv32-esp-elf/13.2.0/lto-wrapper -plugin-opt=-fresolution=/var/folders/vh/mrgngl7s2fbcpsscljzx67g40000gn/T//cc0XzsSv.res -plugin-opt=-pass-through=-lgcc -plugin-opt=-pass-through=-lc -plugin-opt=-pass-through=-lnosys -plugin-opt=-pass-through=-lc -plugin-opt=-pass-through=-lgcc -plugin-opt=-pass-through=-lgcc -plugin-opt=-pass-through=-lc -plugin-opt=-pass-through=-lnosys --sysroot=/Users/deaafrizal/.espressif/tools/riscv32-esp-elf/esp-13.2.0_20240530/riscv32-esp-elf/bin/../riscv32-esp-elf -melf32lriscv -o cmTC_2e03b -L/Users/deaafrizal/.espressif/tools/riscv32-esp-elf/esp-13.2.0_20240530/riscv32-esp-elf/bin/../lib/gcc/riscv32-esp-elf/13.2.0/rv32imc_zicsr_zifencei/ilp32 -L/Users/deaafrizal/.espressif/tools/riscv32-esp-elf/esp-13.2.0_20240530/riscv32-esp-elf/bin/../lib/gcc/riscv32-esp-elf/13.2.0/../../../../riscv32-esp-elf/lib/rv32imc_zicsr_zifencei/ilp32 -L/Users/deaafrizal/.espressif/tools/riscv32-esp-elf/esp-13.2.0_20240530/riscv32-esp-elf/bin/../riscv32-esp-elf/lib/rv32imc_zicsr_zifencei/ilp32 -L/Users/deaafrizal/.espressif/tools/riscv32-esp-elf/esp-13.2.0_20240530/riscv32-esp-elf/bin/../lib/gcc/riscv32-esp-elf/13.2.0 -L/Users/deaafrizal/.espressif/tools/riscv32-esp-elf/esp-13.2.0_20240530/riscv32-esp-elf/bin/../lib/gcc -L/Users/deaafrizal/.espressif/tools/riscv32-esp-elf/esp-13.2.0_20240530/riscv32-esp-elf/bin/../lib/gcc/riscv32-esp-elf/13.2.0/../../../../riscv32-esp-elf/lib -L/Users/deaafrizal/.espressif/tools/riscv32-esp-elf/esp-13.2.0_20240530/riscv32-esp-elf/bin/../riscv32-esp-elf/lib -L/Users/deaafrizal/.espressif/tools/riscv32-esp-elf/esp-13.2.0_20240530/riscv32-esp-elf/bin/../riscv32-esp-elf/usr/lib CMakeFiles/cmTC_2e03b.dir/CMakeCCompilerABI.c.obj -lgcc -lc -lnosys -lc -lgcc --start-group -lgcc -lc -lnosys --end-group]
    arg [/Users/deaafrizal/.espressif/tools/riscv32-esp-elf/esp-13.2.0_20240530/riscv32-esp-elf/bin/../libexec/gcc/riscv32-esp-elf/13.2.0/collect2] ==> ignore
    arg [-plugin] ==> ignore
    arg [/Users/deaafrizal/.espressif/tools/riscv32-esp-elf/esp-13.2.0_20240530/riscv32-esp-elf/bin/../libexec/gcc/riscv32-esp-elf/13.2.0/liblto_plugin.so] ==> ignore
    arg [-plugin-opt=/Users/deaafrizal/.espressif/tools/riscv32-esp-elf/esp-13.2.0_20240530/riscv32-esp-elf/bin/../libexec/gcc/riscv32-esp-elf/13.2.0/lto-wrapper] ==> ignore
    arg [-plugin-opt=-fresolution=/var/folders/vh/mrgngl7s2fbcpsscljzx67g40000gn/T//cc0XzsSv.res] ==> ignore
    arg [-plugin-opt=-pass-through=-lgcc] ==> ignore
    arg [-plugin-opt=-pass-through=-lc] ==> ignore
    arg [-plugin-opt=-pass-through=-lnosys] ==> ignore
    arg [-plugin-opt=-pass-through=-lc] ==> ignore
    arg [-plugin-opt=-pass-through=-lgcc] ==> ignore
    arg [-plugin-opt=-pass-through=-lgcc] ==> ignore
    arg [-plugin-opt=-pass-through=-lc] ==> ignore
    arg [-plugin-opt=-pass-through=-lnosys] ==> ignore
    arg [--sysroot=/Users/deaafrizal/.espressif/tools/riscv32-esp-elf/esp-13.2.0_20240530/riscv32-esp-elf/bin/../riscv32-esp-elf] ==> ignore
    arg [-melf32lriscv] ==> ignore
    arg [-o] ==> ignore
    arg [cmTC_2e03b] ==> ignore
    arg [-L/Users/deaafrizal/.espressif/tools/riscv32-esp-elf/esp-13.2.0_20240530/riscv32-esp-elf/bin/../lib/gcc/riscv32-esp-elf/13.2.0/rv32imc_zicsr_zifencei/ilp32] ==> dir [/Users/deaafrizal/.espressif/tools/riscv32-esp-elf/esp-13.2.0_20240530/riscv32-esp-elf/bin/../lib/gcc/riscv32-esp-elf/13.2.0/rv32imc_zicsr_zifencei/ilp32]
    arg [-L/Users/deaafrizal/.espressif/tools/riscv32-esp-elf/esp-13.2.0_20240530/riscv32-esp-elf/bin/../lib/gcc/riscv32-esp-elf/13.2.0/../../../../riscv32-esp-elf/lib/rv32imc_zicsr_zifencei/ilp32] ==> dir [/Users/deaafrizal/.espressif/tools/riscv32-esp-elf/esp-13.2.0_20240530/riscv32-esp-elf/bin/../lib/gcc/riscv32-esp-elf/13.2.0/../../../../riscv32-esp-elf/lib/rv32imc_zicsr_zifencei/ilp32]
    arg [-L/Users/deaafrizal/.espressif/tools/riscv32-esp-elf/esp-13.2.0_20240530/riscv32-esp-elf/bin/../riscv32-esp-elf/lib/rv32imc_zicsr_zifencei/ilp32] ==> dir [/Users/deaafrizal/.espressif/tools/riscv32-esp-elf/esp-13.2.0_20240530/riscv32-esp-elf/bin/../riscv32-esp-elf/lib/rv32imc_zicsr_zifencei/ilp32]
    arg [-L/Users/deaafrizal/.espressif/tools/riscv32-esp-elf/esp-13.2.0_20240530/riscv32-esp-elf/bin/../lib/gcc/riscv32-esp-elf/13.2.0] ==> dir [/Users/deaafrizal/.espressif/tools/riscv32-esp-elf/esp-13.2.0_20240530/riscv32-esp-elf/bin/../lib/gcc/riscv32-esp-elf/13.2.0]
    arg [-L/Users/deaafrizal/.espressif/tools/riscv32-esp-elf/esp-13.2.0_20240530/riscv32-esp-elf/bin/../lib/gcc] ==> dir [/Users/deaafrizal/.espressif/tools/riscv32-esp-elf/esp-13.2.0_20240530/riscv32-esp-elf/bin/../lib/gcc]
    arg [-L/Users/deaafrizal/.espressif/tools/riscv32-esp-elf/esp-13.2.0_20240530/riscv32-esp-elf/bin/../lib/gcc/riscv32-esp-elf/13.2.0/../../../../riscv32-esp-elf/lib] ==> dir [/Users/deaafrizal/.espressif/tools/riscv32-esp-elf/esp-13.2.0_20240530/riscv32-esp-elf/bin/../lib/gcc/riscv32-esp-elf/13.2.0/../../../../riscv32-esp-elf/lib]
    arg [-L/Users/deaafrizal/.espressif/tools/riscv32-esp-elf/esp-13.2.0_20240530/riscv32-esp-elf/bin/../riscv32-esp-elf/lib] ==> dir [/Users/deaafrizal/.espressif/tools/riscv32-esp-elf/esp-13.2.0_20240530/riscv32-esp-elf/bin/../riscv32-esp-elf/lib]
    arg [-L/Users/deaafrizal/.espressif/tools/riscv32-esp-elf/esp-13.2.0_20240530/riscv32-esp-elf/bin/../riscv32-esp-elf/usr/lib] ==> dir [/Users/deaafrizal/.espressif/tools/riscv32-esp-elf/esp-13.2.0_20240530/riscv32-esp-elf/bin/../riscv32-esp-elf/usr/lib]
    arg [CMakeFiles/cmTC_2e03b.dir/CMakeCCompilerABI.c.obj] ==> ignore
    arg [-lgcc] ==> lib [gcc]
    arg [-lc] ==> lib [c]
    arg [-lnosys] ==> lib [nosys]
    arg [-lc] ==> lib [c]
    arg [-lgcc] ==> lib [gcc]
    arg [--start-group] ==> ignore
    arg [-lgcc] ==> lib [gcc]
    arg [-lc] ==> lib [c]
    arg [-lnosys] ==> lib [nosys]
    arg [--end-group] ==> ignore
  collapse library dir [/Users/deaafrizal/.espressif/tools/riscv32-esp-elf/esp-13.2.0_20240530/riscv32-esp-elf/bin/../lib/gcc/riscv32-esp-elf/13.2.0/rv32imc_zicsr_zifencei/ilp32] ==> [/Users/deaafrizal/.espressif/tools/riscv32-esp-elf/esp-13.2.0_20240530/riscv32-esp-elf/lib/gcc/riscv32-esp-elf/13.2.0/rv32imc_zicsr_zifencei/ilp32]
  collapse library dir [/Users/deaafrizal/.espressif/tools/riscv32-esp-elf/esp-13.2.0_20240530/riscv32-esp-elf/bin/../lib/gcc/riscv32-esp-elf/13.2.0/../../../../riscv32-esp-elf/lib/rv32imc_zicsr_zifencei/ilp32] ==> [/Users/deaafrizal/.espressif/tools/riscv32-esp-elf/esp-13.2.0_20240530/riscv32-esp-elf/riscv32-esp-elf/lib/rv32imc_zicsr_zifencei/ilp32]
  collapse library dir [/Users/deaafrizal/.espressif/tools/riscv32-esp-elf/esp-13.2.0_20240530/riscv32-esp-elf/bin/../riscv32-esp-elf/lib/rv32imc_zicsr_zifencei/ilp32] ==> [/Users/deaafrizal/.espressif/tools/riscv32-esp-elf/esp-13.2.0_20240530/riscv32-esp-elf/riscv32-esp-elf/lib/rv32imc_zicsr_zifencei/ilp32]
  collapse library dir [/Users/deaafrizal/.espressif/tools/riscv32-esp-elf/esp-13.2.0_20240530/riscv32-esp-elf/bin/../lib/gcc/riscv32-esp-elf/13.2.0] ==> [/Users/deaafrizal/.espressif/tools/riscv32-esp-elf/esp-13.2.0_20240530/riscv32-esp-elf/lib/gcc/riscv32-esp-elf/13.2.0]
  collapse library dir [/Users/deaafrizal/.espressif/tools/riscv32-esp-elf/esp-13.2.0_20240530/riscv32-esp-elf/bin/../lib/gcc] ==> [/Users/deaafrizal/.espressif/tools/riscv32-esp-elf/esp-13.2.0_20240530/riscv32-esp-elf/lib/gcc]
  collapse library dir [/Users/deaafrizal/.espressif/tools/riscv32-esp-elf/esp-13.2.0_20240530/riscv32-esp-elf/bin/../lib/gcc/riscv32-esp-elf/13.2.0/../../../../riscv32-esp-elf/lib] ==> [/Users/deaafrizal/.espressif/tools/riscv32-esp-elf/esp-13.2.0_20240530/riscv32-esp-elf/riscv32-esp-elf/lib]
  collapse library dir [/Users/deaafrizal/.espressif/tools/riscv32-esp-elf/esp-13.2.0_20240530/riscv32-esp-elf/bin/../riscv32-esp-elf/lib] ==> [/Users/deaafrizal/.espressif/tools/riscv32-esp-elf/esp-13.2.0_20240530/riscv32-esp-elf/riscv32-esp-elf/lib]
  collapse library dir [/Users/deaafrizal/.espressif/tools/riscv32-esp-elf/esp-13.2.0_20240530/riscv32-esp-elf/bin/../riscv32-esp-elf/usr/lib] ==> [/Users/deaafrizal/.espressif/tools/riscv32-esp-elf/esp-13.2.0_20240530/riscv32-esp-elf/riscv32-esp-elf/usr/lib]
  implicit libs: [gcc;c;nosys;c;gcc;gcc;c;nosys]
  implicit objs: []
  implicit dirs: [/Users/deaafrizal/.espressif/tools/riscv32-esp-elf/esp-13.2.0_20240530/riscv32-esp-elf/lib/gcc/riscv32-esp-elf/13.2.0/rv32imc_zicsr_zifencei/ilp32;/Users/deaafrizal/.espressif/tools/riscv32-esp-elf/esp-13.2.0_20240530/riscv32-esp-elf/riscv32-esp-elf/lib/rv32imc_zicsr_zifencei/ilp32;/Users/deaafrizal/.espressif/tools/riscv32-esp-elf/esp-13.2.0_20240530/riscv32-esp-elf/lib/gcc/riscv32-esp-elf/13.2.0;/Users/deaafrizal/.espressif/tools/riscv32-esp-elf/esp-13.2.0_20240530/riscv32-esp-elf/lib/gcc;/Users/deaafrizal/.espressif/tools/riscv32-esp-elf/esp-13.2.0_20240530/riscv32-esp-elf/riscv32-esp-elf/lib;/Users/deaafrizal/.espressif/tools/riscv32-esp-elf/esp-13.2.0_20240530/riscv32-esp-elf/riscv32-esp-elf/usr/lib]
  implicit fwks: []


Detecting CXX compiler ABI info compiled with the following output:
Change Dir: /Users/deaafrizal/Projects/platformio/cuybot-rtos/build/CMakeFiles/CMakeTmp

Run Build Command(s):/usr/bin/make -f Makefile cmTC_ef463/fast && /Applications/Xcode.app/Contents/Developer/usr/bin/make  -f CMakeFiles/cmTC_ef463.dir/build.make CMakeFiles/cmTC_ef463.dir/build
Building CXX object CMakeFiles/cmTC_ef463.dir/CMakeCXXCompilerABI.cpp.obj
/Users/deaafrizal/.espressif/tools/riscv32-esp-elf/esp-13.2.0_20240530/riscv32-esp-elf/bin/riscv32-esp-elf-g++   -march=rv32imc_zicsr_zifencei     -v -o CMakeFiles/cmTC_ef463.dir/CMakeCXXCompilerABI.cpp.obj -c /Users/deaafrizal/.espressif/tools/cmake/3.24.0/CMake.app/Contents/share/cmake-3.24/Modules/CMakeCXXCompilerABI.cpp
Using built-in specs.
COLLECT_GCC=/Users/deaafrizal/.espressif/tools/riscv32-esp-elf/esp-13.2.0_20240530/riscv32-esp-elf/bin/riscv32-esp-elf-g++
Target: riscv32-esp-elf
Configured with: /Users/brnomac003/.gitlab-runner/builds/qR2TxTby/1/idf/crosstool-NG/.build/riscv32-esp-elf/src/gcc/configure --build=aarch64-build_apple-darwin21.4.0 --host=aarch64-build_apple-darwin21.4.0 --target=riscv32-esp-elf --prefix=/Users/brnomac003/.gitlab-runner/builds/qR2TxTby/1/idf/crosstool-NG/builds/riscv32-esp-elf --exec_prefix=/Users/brnomac003/.gitlab-runner/builds/qR2TxTby/1/idf/crosstool-NG/builds/riscv32-esp-elf --with-local-prefix=/Users/brnomac003/.gitlab-runner/builds/qR2TxTby/1/idf/crosstool-NG/builds/riscv32-esp-elf/riscv32-esp-elf --with-sysroot=/Users/brnomac003/.gitlab-runner/builds/qR2TxTby/1/idf/crosstool-NG/builds/riscv32-esp-elf/riscv32-esp-elf --with-native-system-header-dir=/include --with-newlib --enable-threads=no --disable-shared --with-arch=rv32gc --with-abi=ilp32 --with-pkgversion='crosstool-NG esp-13.2.0_20240530' --disable-__cxa_atexit --enable-cxx-flags=-ffunction-sections --disable-libgomp --disable-libmudflap --disable-libmpx --disable-libssp --disable-libquadmath --disable-libquadmath-support --disable-libstdcxx-verbose --with-gmp=/Users/brnomac003/.gitlab-runner/builds/qR2TxTby/1/idf/crosstool-NG/.build/riscv32-esp-elf/buildtools --with-mpfr=/Users/brnomac003/.gitlab-runner/builds/qR2TxTby/1/idf/crosstool-NG/.build/riscv32-esp-elf/buildtools --with-mpc=/Users/brnomac003/.gitlab-runner/builds/qR2TxTby/1/idf/crosstool-NG/.build/riscv32-esp-elf/buildtools --with-isl=/Users/brnomac003/.gitlab-runner/builds/qR2TxTby/1/idf/crosstool-NG/.build/riscv32-esp-elf/buildtools --enable-lto --enable-target-optspace --without-long-double-128 --disable-nls --enable-multiarch --enable-languages=c,c++ --disable-libstdcxx-verbose --enable-threads=posix --enable-gcov-custom-rtio --enable-libstdcxx-time=yes
Thread model: posix
Supported LTO compression algorithms: zlib zstd
gcc version 13.2.0 (crosstool-NG esp-13.2.0_20240530) 
COLLECT_GCC_OPTIONS='-march=rv32imc_zicsr_zifencei' '-v' '-o' 'CMakeFiles/cmTC_ef463.dir/CMakeCXXCompilerABI.cpp.obj' '-c' '-mabi=ilp32' '-misa-spec=20191213' '-march=rv32imc_zicsr_zifencei' '-dumpdir' 'CMakeFiles/cmTC_ef463.dir/'
 /Users/deaafrizal/.espressif/tools/riscv32-esp-elf/esp-13.2.0_20240530/riscv32-esp-elf/bin/../libexec/gcc/riscv32-esp-elf/13.2.0/cc1plus -quiet -v -imultilib rv32imc_zicsr_zifencei/ilp32 -iprefix /Users/deaafrizal/.espressif/tools/riscv32-esp-elf/esp-13.2.0_20240530/riscv32-esp-elf/bin/../lib/gcc/riscv32-esp-elf/13.2.0/ -isysroot /Users/deaafrizal/.espressif/tools/riscv32-esp-elf/esp-13.2.0_20240530/riscv32-esp-elf/bin/../riscv32-esp-elf /Users/deaafrizal/.espressif/tools/cmake/3.24.0/CMake.app/Contents/share/cmake-3.24/Modules/CMakeCXXCompilerABI.cpp -quiet -dumpdir CMakeFiles/cmTC_ef463.dir/ -dumpbase CMakeCXXCompilerABI.cpp.cpp -dumpbase-ext .cpp -march=rv32imc_zicsr_zifencei -mabi=ilp32 -misa-spec=20191213 -march=rv32imc_zicsr_zifencei -version -o /var/folders/vh/mrgngl7s2fbcpsscljzx67g40000gn/T//ccn7d2qL.s
GNU C++17 (crosstool-NG esp-13.2.0_20240530) version 13.2.0 (riscv32-esp-elf)
	compiled by GNU C version Apple LLVM 13.0.0 (clang-1300.0.27.3), GMP version 6.2.1, MPFR version 4.2.1, MPC version 1.2.1, isl version isl-0.26-GMP

GGC heuristics: --param ggc-min-expand=100 --param ggc-min-heapsize=131072
ignoring duplicate directory "/Users/deaafrizal/.espressif/tools/riscv32-esp-elf/esp-13.2.0_20240530/riscv32-esp-elf/bin/../lib/gcc/../../lib/gcc/riscv32-esp-elf/13.2.0/../../../../riscv32-esp-elf/include/c++/13.2.0"
ignoring duplicate directory "/Users/deaafrizal/.espressif/tools/riscv32-esp-elf/esp-13.2.0_20240530/riscv32-esp-elf/bin/../lib/gcc/../../lib/gcc/riscv32-esp-elf/13.2.0/../../../../riscv32-esp-elf/include/c++/13.2.0/riscv32-esp-elf/rv32imc_zicsr_zifencei/ilp32"
ignoring duplicate directory "/Users/deaafrizal/.espressif/tools/riscv32-esp-elf/esp-13.2.0_20240530/riscv32-esp-elf/bin/../lib/gcc/../../lib/gcc/riscv32-esp-elf/13.2.0/../../../../riscv32-esp-elf/include/c++/13.2.0/backward"
ignoring duplicate directory "/Users/deaafrizal/.espressif/tools/riscv32-esp-elf/esp-13.2.0_20240530/riscv32-esp-elf/bin/../lib/gcc/../../lib/gcc/riscv32-esp-elf/13.2.0/include"
ignoring nonexistent directory "/Users/deaafrizal/.espressif/tools/riscv32-esp-elf/esp-13.2.0_20240530/riscv32-esp-elf/bin/../riscv32-esp-elf/Users/brnomac003/.gitlab-runner/builds/qR2TxTby/1/idf/crosstool-NG/builds/riscv32-esp-elf/riscv32-esp-elf/include"
ignoring duplicate directory "/Users/deaafrizal/.espressif/tools/riscv32-esp-elf/esp-13.2.0_20240530/riscv32-esp-elf/bin/../lib/gcc/../../lib/gcc/riscv32-esp-elf/13.2.0/include-fixed"
ignoring duplicate directory "/Users/deaafrizal/.espressif/tools/riscv32-esp-elf/esp-13.2.0_20240530/riscv32-esp-elf/bin/../lib/gcc/../../lib/gcc/riscv32-esp-elf/13.2.0/../../../../riscv32-esp-elf/include"
ignoring duplicate directory "/Users/deaafrizal/.espressif/tools/riscv32-esp-elf/esp-13.2.0_20240530/riscv32-esp-elf/bin/../riscv32-esp-elf/include"
#include "..." search starts here:
#include <...> search starts here:
 /Users/deaafrizal/.espressif/tools/riscv32-esp-elf/esp-13.2.0_20240530/riscv32-esp-elf/bin/../lib/gcc/riscv32-esp-elf/13.2.0/../../../../riscv32-esp-elf/include/c++/13.2.0
 /Users/deaafrizal/.espressif/tools/riscv32-esp-elf/esp-13.2.0_20240530/riscv32-esp-elf/bin/../lib/gcc/riscv32-esp-elf/13.2.0/../../../../riscv32-esp-elf/include/c++/13.2.0/riscv32-esp-elf/rv32imc_zicsr_zifencei/ilp32
 /Users/deaafrizal/.espressif/tools/riscv32-esp-elf/esp-13.2.0_20240530/riscv32-esp-elf/bin/../lib/gcc/riscv32-esp-elf/13.2.0/../../../../riscv32-esp-elf/include/c++/13.2.0/backward
 /Users/deaafrizal/.espressif/tools/riscv32-esp-elf/esp-13.2.0_20240530/riscv32-esp-elf/bin/../lib/gcc/riscv32-esp-elf/13.2.0/include
 /Users/deaafrizal/.espressif/tools/riscv32-esp-elf/esp-13.2.0_20240530/riscv32-esp-elf/bin/../lib/gcc/riscv32-esp-elf/13.2.0/include-fixed
 /Users/deaafrizal/.espressif/tools/riscv32-esp-elf/esp-13.2.0_20240530/riscv32-esp-elf/bin/../lib/gcc/riscv32-esp-elf/13.2.0/../../../../riscv32-esp-elf/include
End of search list.
Compiler executable checksum: ad16f8454e870c475b94248776964dfe
COLLECT_GCC_OPTIONS='-march=rv32imc_zicsr_zifencei' '-v' '-o' 'CMakeFiles/cmTC_ef463.dir/CMakeCXXCompilerABI.cpp.obj' '-c' '-mabi=ilp32' '-misa-spec=20191213' '-march=rv32imc_zicsr_zifencei' '-dumpdir' 'CMakeFiles/cmTC_ef463.dir/'
 /Users/deaafrizal/.espressif/tools/riscv32-esp-elf/esp-13.2.0_20240530/riscv32-esp-elf/bin/../lib/gcc/riscv32-esp-elf/13.2.0/../../../../riscv32-esp-elf/bin/as -v --traditional-format -march=rv32imc_zicsr_zifencei -march=rv32imc_zicsr_zifencei -mabi=ilp32 -misa-spec=20191213 -o CMakeFiles/cmTC_ef463.dir/CMakeCXXCompilerABI.cpp.obj /var/folders/vh/mrgngl7s2fbcpsscljzx67g40000gn/T//ccn7d2qL.s
GNU assembler version 2.41 (riscv32-esp-elf) using BFD version (crosstool-NG esp-13.2.0_20240530) 2.41
COMPILER_PATH=/Users/deaafrizal/.espressif/tools/riscv32-esp-elf/esp-13.2.0_20240530/riscv32-esp-elf/bin/../libexec/gcc/riscv32-esp-elf/13.2.0/:/Users/deaafrizal/.espressif/tools/riscv32-esp-elf/esp-13.2.0_20240530/riscv32-esp-elf/bin/../libexec/gcc/:/Users/deaafrizal/.espressif/tools/riscv32-esp-elf/esp-13.2.0_20240530/riscv32-esp-elf/bin/../lib/gcc/riscv32-esp-elf/13.2.0/../../../../riscv32-esp-elf/bin/
LIBRARY_PATH=/Users/deaafrizal/.espressif/tools/riscv32-esp-elf/esp-13.2.0_20240530/riscv32-esp-elf/bin/../lib/gcc/riscv32-esp-elf/13.2.0/rv32imc_zicsr_zifencei/ilp32/:/Users/deaafrizal/.espressif/tools/riscv32-esp-elf/esp-13.2.0_20240530/riscv32-esp-elf/bin/../lib/gcc/riscv32-esp-elf/13.2.0/../../../../riscv32-esp-elf/lib/rv32imc_zicsr_zifencei/ilp32/:/Users/deaafrizal/.espressif/tools/riscv32-esp-elf/esp-13.2.0_20240530/riscv32-esp-elf/bin/../riscv32-esp-elf/lib/rv32imc_zicsr_zifencei/ilp32/:/Users/deaafrizal/.espressif/tools/riscv32-esp-elf/esp-13.2.0_20240530/riscv32-esp-elf/bin/../lib/gcc/riscv32-esp-elf/13.2.0/:/Users/deaafrizal/.espressif/tools/riscv32-esp-elf/esp-13.2.0_20240530/riscv32-esp-elf/bin/../lib/gcc/:/Users/deaafrizal/.espressif/tools/riscv32-esp-elf/esp-13.2.0_20240530/riscv32-esp-elf/bin/../lib/gcc/riscv32-esp-elf/13.2.0/../../../../riscv32-esp-elf/lib/:/Users/deaafrizal/.espressif/tools/riscv32-esp-elf/esp-13.2.0_20240530/riscv32-esp-elf/bin/../riscv32-esp-elf/lib/:/Users/deaafrizal/.espressif/tools/riscv32-esp-elf/esp-13.2.0_20240530/riscv32-esp-elf/bin/../riscv32-esp-elf/usr/lib/
COLLECT_GCC_OPTIONS='-march=rv32imc_zicsr_zifencei' '-v' '-o' 'CMakeFiles/cmTC_ef463.dir/CMakeCXXCompilerABI.cpp.obj' '-c' '-mabi=ilp32' '-misa-spec=20191213' '-march=rv32imc_zicsr_zifencei' '-dumpdir' 'CMakeFiles/cmTC_ef463.dir/CMakeCXXCompilerABI.cpp.'
Linking CXX executable cmTC_ef463
/Users/deaafrizal/.espressif/tools/cmake/3.24.0/CMake.app/Contents/bin/cmake -E cmake_link_script CMakeFiles/cmTC_ef463.dir/link.txt --verbose=1
/Users/deaafrizal/.espressif/tools/riscv32-esp-elf/esp-13.2.0_20240530/riscv32-esp-elf/bin/riscv32-esp-elf-g++ -march=rv32imc_zicsr_zifencei   -nostartfiles -march=rv32imc_zicsr_zifencei --specs=nosys.specs  -v CMakeFiles/cmTC_ef463.dir/CMakeCXXCompilerABI.cpp.obj -o cmTC_ef463 
Using built-in specs.
Reading specs from /Users/deaafrizal/.espressif/tools/riscv32-esp-elf/esp-13.2.0_20240530/riscv32-esp-elf/bin/../lib/gcc/riscv32-esp-elf/13.2.0/../../../../riscv32-esp-elf/lib/nosys.specs
rename spec link_gcc_c_sequence to nosys_link_gcc_c_sequence
COLLECT_GCC=/Users/deaafrizal/.espressif/tools/riscv32-esp-elf/esp-13.2.0_20240530/riscv32-esp-elf/bin/riscv32-esp-elf-g++
COLLECT_LTO_WRAPPER=/Users/deaafrizal/.espressif/tools/riscv32-esp-elf/esp-13.2.0_20240530/riscv32-esp-elf/bin/../libexec/gcc/riscv32-esp-elf/13.2.0/lto-wrapper
Target: riscv32-esp-elf
Configured with: /Users/brnomac003/.gitlab-runner/builds/qR2TxTby/1/idf/crosstool-NG/.build/riscv32-esp-elf/src/gcc/configure --build=aarch64-build_apple-darwin21.4.0 --host=aarch64-build_apple-darwin21.4.0 --target=riscv32-esp-elf --prefix=/Users/brnomac003/.gitlab-runner/builds/qR2TxTby/1/idf/crosstool-NG/builds/riscv32-esp-elf --exec_prefix=/Users/brnomac003/.gitlab-runner/builds/qR2TxTby/1/idf/crosstool-NG/builds/riscv32-esp-elf --with-local-prefix=/Users/brnomac003/.gitlab-runner/builds/qR2TxTby/1/idf/crosstool-NG/builds/riscv32-esp-elf/riscv32-esp-elf --with-sysroot=/Users/brnomac003/.gitlab-runner/builds/qR2TxTby/1/idf/crosstool-NG/builds/riscv32-esp-elf/riscv32-esp-elf --with-native-system-header-dir=/include --with-newlib --enable-threads=no --disable-shared --with-arch=rv32gc --with-abi=ilp32 --with-pkgversion='crosstool-NG esp-13.2.0_20240530' --disable-__cxa_atexit --enable-cxx-flags=-ffunction-sections --disable-libgomp --disable-libmudflap --disable-libmpx --disable-libssp --disable-libquadmath --disable-libquadmath-support --disable-libstdcxx-verbose --with-gmp=/Users/brnomac003/.gitlab-runner/builds/qR2TxTby/1/idf/crosstool-NG/.build/riscv32-esp-elf/buildtools --with-mpfr=/Users/brnomac003/.gitlab-runner/builds/qR2TxTby/1/idf/crosstool-NG/.build/riscv32-esp-elf/buildtools --with-mpc=/Users/brnomac003/.gitlab-runner/builds/qR2TxTby/1/idf/crosstool-NG/.build/riscv32-esp-elf/buildtools --with-isl=/Users/brnomac003/.gitlab-runner/builds/qR2TxTby/1/idf/crosstool-NG/.build/riscv32-esp-elf/buildtools --enable-lto --enable-target-optspace --without-long-double-128 --disable-nls --enable-multiarch --enable-languages=c,c++ --disable-libstdcxx-verbose --enable-threads=posix --enable-gcov-custom-rtio --enable-libstdcxx-time=yes
Thread model: posix
Supported LTO compression algorithms: zlib zstd
gcc version 13.2.0 (crosstool-NG esp-13.2.0_20240530) 
COMPILER_PATH=/Users/deaafrizal/.espressif/tools/riscv32-esp-elf/esp-13.2.0_20240530/riscv32-esp-elf/bin/../libexec/gcc/riscv32-esp-elf/13.2.0/:/Users/deaafrizal/.espressif/tools/riscv32-esp-elf/esp-13.2.0_20240530/riscv32-esp-elf/bin/../libexec/gcc/:/Users/deaafrizal/.espressif/tools/riscv32-esp-elf/esp-13.2.0_20240530/riscv32-esp-elf/bin/../lib/gcc/riscv32-esp-elf/13.2.0/../../../../riscv32-esp-elf/bin/
LIBRARY_PATH=/Users/deaafrizal/.espressif/tools/riscv32-esp-elf/esp-13.2.0_20240530/riscv32-esp-elf/bin/../lib/gcc/riscv32-esp-elf/13.2.0/rv32imc_zicsr_zifencei/ilp32/:/Users/deaafrizal/.espressif/tools/riscv32-esp-elf/esp-13.2.0_20240530/riscv32-esp-elf/bin/../lib/gcc/riscv32-esp-elf/13.2.0/../../../../riscv32-esp-elf/lib/rv32imc_zicsr_zifencei/ilp32/:/Users/deaafrizal/.espressif/tools/riscv32-esp-elf/esp-13.2.0_20240530/riscv32-esp-elf/bin/../riscv32-esp-elf/lib/rv32imc_zicsr_zifencei/ilp32/:/Users/deaafrizal/.espressif/tools/riscv32-esp-elf/esp-13.2.0_20240530/riscv32-esp-elf/bin/../lib/gcc/riscv32-esp-elf/13.2.0/:/Users/deaafrizal/.espressif/tools/riscv32-esp-elf/esp-13.2.0_20240530/riscv32-esp-elf/bin/../lib/gcc/:/Users/deaafrizal/.espressif/tools/riscv32-esp-elf/esp-13.2.0_20240530/riscv32-esp-elf/bin/../lib/gcc/riscv32-esp-elf/13.2.0/../../../../riscv32-esp-elf/lib/:/Users/deaafrizal/.espressif/tools/riscv32-esp-elf/esp-13.2.0_20240530/riscv32-esp-elf/bin/../riscv32-esp-elf/lib/:/Users/deaafrizal/.espressif/tools/riscv32-esp-elf/esp-13.2.0_20240530/riscv32-esp-elf/bin/../riscv32-esp-elf/usr/lib/
COLLECT_GCC_OPTIONS='-nostartfiles' '-march=rv32imc_zicsr_zifencei' '-specs=nosys.specs' '-v' '-o' 'cmTC_ef463' '-mabi=ilp32' '-misa-spec=20191213' '-march=rv32imc_zicsr_zifencei' '-dumpdir' 'cmTC_ef463.'
 /Users/deaafrizal/.espressif/tools/riscv32-esp-elf/esp-13.2.0_20240530/riscv32-esp-elf/bin/../libexec/gcc/riscv32-esp-elf/13.2.0/collect2 -plugin /Users/deaafrizal/.espressif/tools/riscv32-esp-elf/esp-13.2.0_20240530/riscv32-esp-elf/bin/../libexec/gcc/riscv32-esp-elf/13.2.0/liblto_plugin.so -plugin-opt=/Users/deaafrizal/.espressif/tools/riscv32-esp-elf/esp-13.2.0_20240530/riscv32-esp-elf/bin/../libexec/gcc/riscv32-esp-elf/13.2.0/lto-wrapper -plugin-opt=-fresolution=/var/folders/vh/mrgngl7s2fbcpsscljzx67g40000gn/T//ccC8Ajz9.res -plugin-opt=-pass-through=-lgcc -plugin-opt=-pass-through=-lc -plugin-opt=-pass-through=-lnosys -plugin-opt=-pass-through=-lc -plugin-opt=-pass-through=-lgcc -plugin-opt=-pass-through=-lgcc -plugin-opt=-pass-through=-lc -plugin-opt=-pass-through=-lnosys --sysroot=/Users/deaafrizal/.espressif/tools/riscv32-esp-elf/esp-13.2.0_20240530/riscv32-esp-elf/bin/../riscv32-esp-elf -melf32lriscv -o cmTC_ef463 -L/Users/deaafrizal/.espressif/tools/riscv32-esp-elf/esp-13.2.0_20240530/riscv32-esp-elf/bin/../lib/gcc/riscv32-esp-elf/13.2.0/rv32imc_zicsr_zifencei/ilp32 -L/Users/deaafrizal/.espressif/tools/riscv32-esp-elf/esp-13.2.0_20240530/riscv32-esp-elf/bin/../lib/gcc/riscv32-esp-elf/13.2.0/../../../../riscv32-esp-elf/lib/rv32imc_zicsr_zifencei/ilp32 -L/Users/deaafrizal/.espressif/tools/riscv32-esp-elf/esp-13.2.0_20240530/riscv32-esp-elf/bin/../riscv32-esp-elf/lib/rv32imc_zicsr_zifencei/ilp32 -L/Users/deaafrizal/.espressif/tools/riscv32-esp-elf/esp-13.2.0_20240530/riscv32-esp-elf/bin/../lib/gcc/riscv32-esp-elf/13.2.0 -L/Users/deaafrizal/.espressif/tools/riscv32-esp-elf/esp-13.2.0_20240530/riscv32-esp-elf/bin/../lib/gcc -L/Users/deaafrizal/.espressif/tools/riscv32-esp-elf/esp-13.2.0_20240530/riscv32-esp-elf/bin/../lib/gcc/riscv32-esp-elf/13.2.0/../../../../riscv32-esp-elf/lib -L/Users/deaafrizal/.espressif/tools/riscv32-esp-elf/esp-13.2.0_20240530/riscv32-esp-elf/bin/../riscv32-esp-elf/lib -L/Users/deaafrizal/.espressif/tools/riscv32-esp-elf/esp-13.2.0_20240530/riscv32-esp-elf/bin/../riscv32-esp-elf/usr/lib CMakeFiles/cmTC_ef463.dir/CMakeCXXCompilerABI.cpp.obj -lstdc++ -lm -lgcc -lc -lnosys -lc -lgcc --start-group -lgcc -lc -lnosys --end-group
/Users/deaafrizal/.espressif/tools/riscv32-esp-elf/esp-13.2.0_20240530/riscv32-esp-elf/bin/../lib/gcc/riscv32-esp-elf/13.2.0/../../../../riscv32-esp-elf/bin/ld: warning: cannot find entry symbol _start; defaulting to 00010074
COLLECT_GCC_OPTIONS='-nostartfiles' '-march=rv32imc_zicsr_zifencei' '-specs=nosys.specs' '-v' '-o' 'cmTC_ef463' '-mabi=ilp32' '-misa-spec=20191213' '-march=rv32imc_zicsr_zifencei' '-dumpdir' 'cmTC_ef463.'



Parsed CXX implicit include dir info from above output: rv=done
  found start of include info
  found start of implicit include info
    add: [/Users/deaafrizal/.espressif/tools/riscv32-esp-elf/esp-13.2.0_20240530/riscv32-esp-elf/bin/../lib/gcc/riscv32-esp-elf/13.2.0/../../../../riscv32-esp-elf/include/c++/13.2.0]
    add: [/Users/deaafrizal/.espressif/tools/riscv32-esp-elf/esp-13.2.0_20240530/riscv32-esp-elf/bin/../lib/gcc/riscv32-esp-elf/13.2.0/../../../../riscv32-esp-elf/include/c++/13.2.0/riscv32-esp-elf/rv32imc_zicsr_zifencei/ilp32]
    add: [/Users/deaafrizal/.espressif/tools/riscv32-esp-elf/esp-13.2.0_20240530/riscv32-esp-elf/bin/../lib/gcc/riscv32-esp-elf/13.2.0/../../../../riscv32-esp-elf/include/c++/13.2.0/backward]
    add: [/Users/deaafrizal/.espressif/tools/riscv32-esp-elf/esp-13.2.0_20240530/riscv32-esp-elf/bin/../lib/gcc/riscv32-esp-elf/13.2.0/include]
    add: [/Users/deaafrizal/.espressif/tools/riscv32-esp-elf/esp-13.2.0_20240530/riscv32-esp-elf/bin/../lib/gcc/riscv32-esp-elf/13.2.0/include-fixed]
    add: [/Users/deaafrizal/.espressif/tools/riscv32-esp-elf/esp-13.2.0_20240530/riscv32-esp-elf/bin/../lib/gcc/riscv32-esp-elf/13.2.0/../../../../riscv32-esp-elf/include]
  end of search list found
  collapse include dir [/Users/deaafrizal/.espressif/tools/riscv32-esp-elf/esp-13.2.0_20240530/riscv32-esp-elf/bin/../lib/gcc/riscv32-esp-elf/13.2.0/../../../../riscv32-esp-elf/include/c++/13.2.0] ==> [/Users/deaafrizal/.espressif/tools/riscv32-esp-elf/esp-13.2.0_20240530/riscv32-esp-elf/riscv32-esp-elf/include/c++/13.2.0]
  collapse include dir [/Users/deaafrizal/.espressif/tools/riscv32-esp-elf/esp-13.2.0_20240530/riscv32-esp-elf/bin/../lib/gcc/riscv32-esp-elf/13.2.0/../../../../riscv32-esp-elf/include/c++/13.2.0/riscv32-esp-elf/rv32imc_zicsr_zifencei/ilp32] ==> [/Users/deaafrizal/.espressif/tools/riscv32-esp-elf/esp-13.2.0_20240530/riscv32-esp-elf/riscv32-esp-elf/include/c++/13.2.0/riscv32-esp-elf/rv32imc_zicsr_zifencei/ilp32]
  collapse include dir [/Users/deaafrizal/.espressif/tools/riscv32-esp-elf/esp-13.2.0_20240530/riscv32-esp-elf/bin/../lib/gcc/riscv32-esp-elf/13.2.0/../../../../riscv32-esp-elf/include/c++/13.2.0/backward] ==> [/Users/deaafrizal/.espressif/tools/riscv32-esp-elf/esp-13.2.0_20240530/riscv32-esp-elf/riscv32-esp-elf/include/c++/13.2.0/backward]
  collapse include dir [/Users/deaafrizal/.espressif/tools/riscv32-esp-elf/esp-13.2.0_20240530/riscv32-esp-elf/bin/../lib/gcc/riscv32-esp-elf/13.2.0/include] ==> [/Users/deaafrizal/.espressif/tools/riscv32-esp-elf/esp-13.2.0_20240530/riscv32-esp-elf/lib/gcc/riscv32-esp-elf/13.2.0/include]
  collapse include dir [/Users/deaafrizal/.espressif/tools/riscv32-esp-elf/esp-13.2.0_20240530/riscv32-esp-elf/bin/../lib/gcc/riscv32-esp-elf/13.2.0/include-fixed] ==> [/Users/deaafrizal/.espressif/tools/riscv32-esp-elf/esp-13.2.0_20240530/riscv32-esp-elf/lib/gcc/riscv32-esp-elf/13.2.0/include-fixed]
  collapse include dir [/Users/deaafrizal/.espressif/tools/riscv32-esp-elf/esp-13.2.0_20240530/riscv32-esp-elf/bin/../lib/gcc/riscv32-esp-elf/13.2.0/../../../../riscv32-esp-elf/include] ==> [/Users/deaafrizal/.espressif/tools/riscv32-esp-elf/esp-13.2.0_20240530/riscv32-esp-elf/riscv32-esp-elf/include]
  implicit include dirs: [/Users/deaafrizal/.espressif/tools/riscv32-esp-elf/esp-13.2.0_20240530/riscv32-esp-elf/riscv32-esp-elf/include/c++/13.2.0;/Users/deaafrizal/.espressif/tools/riscv32-esp-elf/esp-13.2.0_20240530/riscv32-esp-elf/riscv32-esp-elf/include/c++/13.2.0/riscv32-esp-elf/rv32imc_zicsr_zifencei/ilp32;/Users/deaafrizal/.espressif/tools/riscv32-esp-elf/esp-13.2.0_20240530/riscv32-esp-elf/riscv32-esp-elf/include/c++/13.2.0/backward;/Users/deaafrizal/.espressif/tools/riscv32-esp-elf/esp-13.2.0_20240530/riscv32-esp-elf/lib/gcc/riscv32-esp-elf/13.2.0/include;/Users/deaafrizal/.espressif/tools/riscv32-esp-elf/esp-13.2.0_20240530/riscv32-esp-elf/lib/gcc/riscv32-esp-elf/13.2.0/include-fixed;/Users/deaafrizal/.espressif/tools/riscv32-esp-elf/esp-13.2.0_20240530/riscv32-esp-elf/riscv32-esp-elf/include]


Parsed CXX implicit link information from above output:
  link line regex: [^( *|.*[/\])(riscv32-esp-elf-ld|CMAKE_LINK_STARTFILE-NOTFOUND|([^/\]+-)?ld|collect2)[^/\]*( |$)]
  ignore line: [Change Dir: /Users/deaafrizal/Projects/platformio/cuybot-rtos/build/CMakeFiles/CMakeTmp]
  ignore line: []
  ignore line: [Run Build Command(s):/usr/bin/make -f Makefile cmTC_ef463/fast && /Applications/Xcode.app/Contents/Developer/usr/bin/make  -f CMakeFiles/cmTC_ef463.dir/build.make CMakeFiles/cmTC_ef463.dir/build]
  ignore line: [Building CXX object CMakeFiles/cmTC_ef463.dir/CMakeCXXCompilerABI.cpp.obj]
  ignore line: [/Users/deaafrizal/.espressif/tools/riscv32-esp-elf/esp-13.2.0_20240530/riscv32-esp-elf/bin/riscv32-esp-elf-g++   -march=rv32imc_zicsr_zifencei     -v -o CMakeFiles/cmTC_ef463.dir/CMakeCXXCompilerABI.cpp.obj -c /Users/deaafrizal/.espressif/tools/cmake/3.24.0/CMake.app/Contents/share/cmake-3.24/Modules/CMakeCXXCompilerABI.cpp]
  ignore line: [Using built-in specs.]
  ignore line: [COLLECT_GCC=/Users/deaafrizal/.espressif/tools/riscv32-esp-elf/esp-13.2.0_20240530/riscv32-esp-elf/bin/riscv32-esp-elf-g++]
  ignore line: [Target: riscv32-esp-elf]
  ignore line: [Configured with: /Users/brnomac003/.gitlab-runner/builds/qR2TxTby/1/idf/crosstool-NG/.build/riscv32-esp-elf/src/gcc/configure --build=aarch64-build_apple-darwin21.4.0 --host=aarch64-build_apple-darwin21.4.0 --target=riscv32-esp-elf --prefix=/Users/brnomac003/.gitlab-runner/builds/qR2TxTby/1/idf/crosstool-NG/builds/riscv32-esp-elf --exec_prefix=/Users/brnomac003/.gitlab-runner/builds/qR2TxTby/1/idf/crosstool-NG/builds/riscv32-esp-elf --with-local-prefix=/Users/brnomac003/.gitlab-runner/builds/qR2TxTby/1/idf/crosstool-NG/builds/riscv32-esp-elf/riscv32-esp-elf --with-sysroot=/Users/brnomac003/.gitlab-runner/builds/qR2TxTby/1/idf/crosstool-NG/builds/riscv32-esp-elf/riscv32-esp-elf --with-native-system-header-dir=/include --with-newlib --enable-threads=no --disable-shared --with-arch=rv32gc --with-abi=ilp32 --with-pkgversion='crosstool-NG esp-13.2.0_20240530' --disable-__cxa_atexit --enable-cxx-flags=-ffunction-sections --disable-libgomp --disable-libmudflap --disable-libmpx --disable-libssp --disable-libquadmath --disable-libquadmath-support --disable-libstdcxx-verbose --with-gmp=/Users/brnomac003/.gitlab-runner/builds/qR2TxTby/1/idf/crosstool-NG/.build/riscv32-esp-elf/buildtools --with-mpfr=/Users/brnomac003/.gitlab-runner/builds/qR2TxTby/1/idf/crosstool-NG/.build/riscv32-esp-elf/buildtools --with-mpc=/Users/brnomac003/.gitlab-runner/builds/qR2TxTby/1/idf/crosstool-NG/.build/riscv32-esp-elf/buildtools --with-isl=/Users/brnomac003/.gitlab-runner/builds/qR2TxTby/1/idf/crosstool-NG/.build/riscv32-esp-elf/buildtools --enable-lto --enable-target-optspace --without-long-double-128 --disable-nls --enable-multiarch --enable-languages=c c++ --disable-libstdcxx-verbose --enable-threads=posix --enable-gcov-custom-rtio --enable-libstdcxx-time=yes]
  ignore line: [Thread model: posix]
  ignore line: [Supported LTO compression algorithms: zlib zstd]
  ignore line: [gcc version 13.2.0 (crosstool-NG esp-13.2.0_20240530) ]
  ignore line: [COLLECT_GCC_OPTIONS='-march=rv32imc_zicsr_zifencei' '-v' '-o' 'CMakeFiles/cmTC_ef463.dir/CMakeCXXCompilerABI.cpp.obj' '-c' '-mabi=ilp32' '-misa-spec=20191213' '-march=rv32imc_zicsr_zifencei' '-dumpdir' 'CMakeFiles/cmTC_ef463.dir/']
  ignore line: [ /Users/deaafrizal/.espressif/tools/riscv32-esp-elf/esp-13.2.0_20240530/riscv32-esp-elf/bin/../libexec/gcc/riscv32-esp-elf/13.2.0/cc1plus -quiet -v -imultilib rv32imc_zicsr_zifencei/ilp32 -iprefix /Users/deaafrizal/.espressif/tools/riscv32-esp-elf/esp-13.2.0_20240530/riscv32-esp-elf/bin/../lib/gcc/riscv32-esp-elf/13.2.0/ -isysroot /Users/deaafrizal/.espressif/tools/riscv32-esp-elf/esp-13.2.0_20240530/riscv32-esp-elf/bin/../riscv32-esp-elf /Users/deaafrizal/.espressif/tools/cmake/3.24.0/CMake.app/Contents/share/cmake-3.24/Modules/CMakeCXXCompilerABI.cpp -quiet -dumpdir CMakeFiles/cmTC_ef463.dir/ -dumpbase CMakeCXXCompilerABI.cpp.cpp -dumpbase-ext .cpp -march=rv32imc_zicsr_zifencei -mabi=ilp32 -misa-spec=20191213 -march=rv32imc_zicsr_zifencei -version -o /var/folders/vh/mrgngl7s2fbcpsscljzx67g40000gn/T//ccn7d2qL.s]
  ignore line: [GNU C++17 (crosstool-NG esp-13.2.0_20240530) version 13.2.0 (riscv32-esp-elf)]
  ignore line: [	compiled by GNU C version Apple LLVM 13.0.0 (clang-1300.0.27.3)  GMP version 6.2.1  MPFR version 4.2.1  MPC version 1.2.1  isl version isl-0.26-GMP]
  ignore line: []
  ignore line: [GGC heuristics: --param ggc-min-expand=100 --param ggc-min-heapsize=131072]
  ignore line: [ignoring duplicate directory "/Users/deaafrizal/.espressif/tools/riscv32-esp-elf/esp-13.2.0_20240530/riscv32-esp-elf/bin/../lib/gcc/../../lib/gcc/riscv32-esp-elf/13.2.0/../../../../riscv32-esp-elf/include/c++/13.2.0"]
  ignore line: [ignoring duplicate directory "/Users/deaafrizal/.espressif/tools/riscv32-esp-elf/esp-13.2.0_20240530/riscv32-esp-elf/bin/../lib/gcc/../../lib/gcc/riscv32-esp-elf/13.2.0/../../../../riscv32-esp-elf/include/c++/13.2.0/riscv32-esp-elf/rv32imc_zicsr_zifencei/ilp32"]
  ignore line: [ignoring duplicate directory "/Users/deaafrizal/.espressif/tools/riscv32-esp-elf/esp-13.2.0_20240530/riscv32-esp-elf/bin/../lib/gcc/../../lib/gcc/riscv32-esp-elf/13.2.0/../../../../riscv32-esp-elf/include/c++/13.2.0/backward"]
  ignore line: [ignoring duplicate directory "/Users/deaafrizal/.espressif/tools/riscv32-esp-elf/esp-13.2.0_20240530/riscv32-esp-elf/bin/../lib/gcc/../../lib/gcc/riscv32-esp-elf/13.2.0/include"]
  ignore line: [ignoring nonexistent directory "/Users/deaafrizal/.espressif/tools/riscv32-esp-elf/esp-13.2.0_20240530/riscv32-esp-elf/bin/../riscv32-esp-elf/Users/brnomac003/.gitlab-runner/builds/qR2TxTby/1/idf/crosstool-NG/builds/riscv32-esp-elf/riscv32-esp-elf/include"]
  ignore line: [ignoring duplicate directory "/Users/deaafrizal/.espressif/tools/riscv32-esp-elf/esp-13.2.0_20240530/riscv32-esp-elf/bin/../lib/gcc/../../lib/gcc/riscv32-esp-elf/13.2.0/include-fixed"]
  ignore line: [ignoring duplicate directory "/Users/deaafrizal/.espressif/tools/riscv32-esp-elf/esp-13.2.0_20240530/riscv32-esp-elf/bin/../lib/gcc/../../lib/gcc/riscv32-esp-elf/13.2.0/../../../../riscv32-esp-elf/include"]
  ignore line: [ignoring duplicate directory "/Users/deaafrizal/.espressif/tools/riscv32-esp-elf/esp-13.2.0_20240530/riscv32-esp-elf/bin/../riscv32-esp-elf/include"]
  ignore line: [#include "..." search starts here:]
  ignore line: [#include <...> search starts here:]
  ignore line: [ /Users/deaafrizal/.espressif/tools/riscv32-esp-elf/esp-13.2.0_20240530/riscv32-esp-elf/bin/../lib/gcc/riscv32-esp-elf/13.2.0/../../../../riscv32-esp-elf/include/c++/13.2.0]
  ignore line: [ /Users/deaafrizal/.espressif/tools/riscv32-esp-elf/esp-13.2.0_20240530/riscv32-esp-elf/bin/../lib/gcc/riscv32-esp-elf/13.2.0/../../../../riscv32-esp-elf/include/c++/13.2.0/riscv32-esp-elf/rv32imc_zicsr_zifencei/ilp32]
  ignore line: [ /Users/deaafrizal/.espressif/tools/riscv32-esp-elf/esp-13.2.0_20240530/riscv32-esp-elf/bin/../lib/gcc/riscv32-esp-elf/13.2.0/../../../../riscv32-esp-elf/include/c++/13.2.0/backward]
  ignore line: [ /Users/deaafrizal/.espressif/tools/riscv32-esp-elf/esp-13.2.0_20240530/riscv32-esp-elf/bin/../lib/gcc/riscv32-esp-elf/13.2.0/include]
  ignore line: [ /Users/deaafrizal/.espressif/tools/riscv32-esp-elf/esp-13.2.0_20240530/riscv32-esp-elf/bin/../lib/gcc/riscv32-esp-elf/13.2.0/include-fixed]
  ignore line: [ /Users/deaafrizal/.espressif/tools/riscv32-esp-elf/esp-13.2.0_20240530/riscv32-esp-elf/bin/../lib/gcc/riscv32-esp-elf/13.2.0/../../../../riscv32-esp-elf/include]
  ignore line: [End of search list.]
  ignore line: [Compiler executable checksum: ad16f8454e870c475b94248776964dfe]
  ignore line: [COLLECT_GCC_OPTIONS='-march=rv32imc_zicsr_zifencei' '-v' '-o' 'CMakeFiles/cmTC_ef463.dir/CMakeCXXCompilerABI.cpp.obj' '-c' '-mabi=ilp32' '-misa-spec=20191213' '-march=rv32imc_zicsr_zifencei' '-dumpdir' 'CMakeFiles/cmTC_ef463.dir/']
  ignore line: [ /Users/deaafrizal/.espressif/tools/riscv32-esp-elf/esp-13.2.0_20240530/riscv32-esp-elf/bin/../lib/gcc/riscv32-esp-elf/13.2.0/../../../../riscv32-esp-elf/bin/as -v --traditional-format -march=rv32imc_zicsr_zifencei -march=rv32imc_zicsr_zifencei -mabi=ilp32 -misa-spec=20191213 -o CMakeFiles/cmTC_ef463.dir/CMakeCXXCompilerABI.cpp.obj /var/folders/vh/mrgngl7s2fbcpsscljzx67g40000gn/T//ccn7d2qL.s]
  ignore line: [GNU assembler version 2.41 (riscv32-esp-elf) using BFD version (crosstool-NG esp-13.2.0_20240530) 2.41]
  ignore line: [COMPILER_PATH=/Users/deaafrizal/.espressif/tools/riscv32-esp-elf/esp-13.2.0_20240530/riscv32-esp-elf/bin/../libexec/gcc/riscv32-esp-elf/13.2.0/:/Users/deaafrizal/.espressif/tools/riscv32-esp-elf/esp-13.2.0_20240530/riscv32-esp-elf/bin/../libexec/gcc/:/Users/deaafrizal/.espressif/tools/riscv32-esp-elf/esp-13.2.0_20240530/riscv32-esp-elf/bin/../lib/gcc/riscv32-esp-elf/13.2.0/../../../../riscv32-esp-elf/bin/]
  ignore line: [LIBRARY_PATH=/Users/deaafrizal/.espressif/tools/riscv32-esp-elf/esp-13.2.0_20240530/riscv32-esp-elf/bin/../lib/gcc/riscv32-esp-elf/13.2.0/rv32imc_zicsr_zifencei/ilp32/:/Users/deaafrizal/.espressif/tools/riscv32-esp-elf/esp-13.2.0_20240530/riscv32-esp-elf/bin/../lib/gcc/riscv32-esp-elf/13.2.0/../../../../riscv32-esp-elf/lib/rv32imc_zicsr_zifencei/ilp32/:/Users/deaafrizal/.espressif/tools/riscv32-esp-elf/esp-13.2.0_20240530/riscv32-esp-elf/bin/../riscv32-esp-elf/lib/rv32imc_zicsr_zifencei/ilp32/:/Users/deaafrizal/.espressif/tools/riscv32-esp-elf/esp-13.2.0_20240530/riscv32-esp-elf/bin/../lib/gcc/riscv32-esp-elf/13.2.0/:/Users/deaafrizal/.espressif/tools/riscv32-esp-elf/esp-13.2.0_20240530/riscv32-esp-elf/bin/../lib/gcc/:/Users/deaafrizal/.espressif/tools/riscv32-esp-elf/esp-13.2.0_20240530/riscv32-esp-elf/bin/../lib/gcc/riscv32-esp-elf/13.2.0/../../../../riscv32-esp-elf/lib/:/Users/deaafrizal/.espressif/tools/riscv32-esp-elf/esp-13.2.0_20240530/riscv32-esp-elf/bin/../riscv32-esp-elf/lib/:/Users/deaafrizal/.espressif/tools/riscv32-esp-elf/esp-13.2.0_20240530/riscv32-esp-elf/bin/../riscv32-esp-elf/usr/lib/]
  ignore line: [COLLECT_GCC_OPTIONS='-march=rv32imc_zicsr_zifencei' '-v' '-o' 'CMakeFiles/cmTC_ef463.dir/CMakeCXXCompilerABI.cpp.obj' '-c' '-mabi=ilp32' '-misa-spec=20191213' '-march=rv32imc_zicsr_zifencei' '-dumpdir' 'CMakeFiles/cmTC_ef463.dir/CMakeCXXCompilerABI.cpp.']
  ignore line: [Linking CXX executable cmTC_ef463]
  ignore line: [/Users/deaafrizal/.espressif/tools/cmake/3.24.0/CMake.app/Contents/bin/cmake -E cmake_link_script CMakeFiles/cmTC_ef463.dir/link.txt --verbose=1]
  ignore line: [/Users/deaafrizal/.espressif/tools/riscv32-esp-elf/esp-13.2.0_20240530/riscv32-esp-elf/bin/riscv32-esp-elf-g++ -march=rv32imc_zicsr_zifencei   -nostartfiles -march=rv32imc_zicsr_zifencei --specs=nosys.specs  -v CMakeFiles/cmTC_ef463.dir/CMakeCXXCompilerABI.cpp.obj -o cmTC_ef463 ]
  ignore line: [Using built-in specs.]
  ignore line: [Reading specs from /Users/deaafrizal/.espressif/tools/riscv32-esp-elf/esp-13.2.0_20240530/riscv32-esp-elf/bin/../lib/gcc/riscv32-esp-elf/13.2.0/../../../../riscv32-esp-elf/lib/nosys.specs]
  ignore line: [rename spec link_gcc_c_sequence to nosys_link_gcc_c_sequence]
  ignore line: [COLLECT_GCC=/Users/deaafrizal/.espressif/tools/riscv32-esp-elf/esp-13.2.0_20240530/riscv32-esp-elf/bin/riscv32-esp-elf-g++]
  ignore line: [COLLECT_LTO_WRAPPER=/Users/deaafrizal/.espressif/tools/riscv32-esp-elf/esp-13.2.0_20240530/riscv32-esp-elf/bin/../libexec/gcc/riscv32-esp-elf/13.2.0/lto-wrapper]
  ignore line: [Target: riscv32-esp-elf]
  ignore line: [Configured with: /Users/brnomac003/.gitlab-runner/builds/qR2TxTby/1/idf/crosstool-NG/.build/riscv32-esp-elf/src/gcc/configure --build=aarch64-build_apple-darwin21.4.0 --host=aarch64-build_apple-darwin21.4.0 --target=riscv32-esp-elf --prefix=/Users/brnomac003/.gitlab-runner/builds/qR2TxTby/1/idf/crosstool-NG/builds/riscv32-esp-elf --exec_prefix=/Users/brnomac003/.gitlab-runner/builds/qR2TxTby/1/idf/crosstool-NG/builds/riscv32-esp-elf --with-local-prefix=/Users/brnomac003/.gitlab-runner/builds/qR2TxTby/1/idf/crosstool-NG/builds/riscv32-esp-elf/riscv32-esp-elf --with-sysroot=/Users/brnomac003/.gitlab-runner/builds/qR2TxTby/1/idf/crosstool-NG/builds/riscv32-esp-elf/riscv32-esp-elf --with-native-system-header-dir=/include --with-newlib --enable-threads=no --disable-shared --with-arch=rv32gc --with-abi=ilp32 --with-pkgversion='crosstool-NG esp-13.2.0_20240530' --disable-__cxa_atexit --enable-cxx-flags=-ffunction-sections --disable-libgomp --disable-libmudflap --disable-libmpx --disable-libssp --disable-libquadmath --disable-libquadmath-support --disable-libstdcxx-verbose --with-gmp=/Users/brnomac003/.gitlab-runner/builds/qR2TxTby/1/idf/crosstool-NG/.build/riscv32-esp-elf/buildtools --with-mpfr=/Users/brnomac003/.gitlab-runner/builds/qR2TxTby/1/idf/crosstool-NG/.build/riscv32-esp-elf/buildtools --with-mpc=/Users/brnomac003/.gitlab-runner/builds/qR2TxTby/1/idf/crosstool-NG/.build/riscv32-esp-elf/buildtools --with-isl=/Users/brnomac003/.gitlab-runner/builds/qR2TxTby/1/idf/crosstool-NG/.build/riscv32-esp-elf/buildtools --enable-lto --enable-target-optspace --without-long-double-128 --disable-nls --enable-multiarch --enable-languages=c c++ --disable-libstdcxx-verbose --enable-threads=posix --enable-gcov-custom-rtio --enable-libstdcxx-time=yes]
  ignore line: [Thread model: posix]
  ignore line: [Supported LTO compression algorithms: zlib zstd]
  ignore line: [gcc version 13.2.0 (crosstool-NG esp-13.2.0_20240530) ]
  ignore line: [COMPILER_PATH=/Users/deaafrizal/.espressif/tools/riscv32-esp-elf/esp-13.2.0_20240530/riscv32-esp-elf/bin/../libexec/gcc/riscv32-esp-elf/13.2.0/:/Users/deaafrizal/.espressif/tools/riscv32-esp-elf/esp-13.2.0_20240530/riscv32-esp-elf/bin/../libexec/gcc/:/Users/deaafrizal/.espressif/tools/riscv32-esp-elf/esp-13.2.0_20240530/riscv32-esp-elf/bin/../lib/gcc/riscv32-esp-elf/13.2.0/../../../../riscv32-esp-elf/bin/]
  ignore line: [LIBRARY_PATH=/Users/deaafrizal/.espressif/tools/riscv32-esp-elf/esp-13.2.0_20240530/riscv32-esp-elf/bin/../lib/gcc/riscv32-esp-elf/13.2.0/rv32imc_zicsr_zifencei/ilp32/:/Users/deaafrizal/.espressif/tools/riscv32-esp-elf/esp-13.2.0_20240530/riscv32-esp-elf/bin/../lib/gcc/riscv32-esp-elf/13.2.0/../../../../riscv32-esp-elf/lib/rv32imc_zicsr_zifencei/ilp32/:/Users/deaafrizal/.espressif/tools/riscv32-esp-elf/esp-13.2.0_20240530/riscv32-esp-elf/bin/../riscv32-esp-elf/lib/rv32imc_zicsr_zifencei/ilp32/:/Users/deaafrizal/.espressif/tools/riscv32-esp-elf/esp-13.2.0_20240530/riscv32-esp-elf/bin/../lib/gcc/riscv32-esp-elf/13.2.0/:/Users/deaafrizal/.espressif/tools/riscv32-esp-elf/esp-13.2.0_20240530/riscv32-esp-elf/bin/../lib/gcc/:/Users/deaafrizal/.espressif/tools/riscv32-esp-elf/esp-13.2.0_20240530/riscv32-esp-elf/bin/../lib/gcc/riscv32-esp-elf/13.2.0/../../../../riscv32-esp-elf/lib/:/Users/deaafrizal/.espressif/tools/riscv32-esp-elf/esp-13.2.0_20240530/riscv32-esp-elf/bin/../riscv32-esp-elf/lib/:/Users/deaafrizal/.espressif/tools/riscv32-esp-elf/esp-13.2.0_20240530/riscv32-esp-elf/bin/../riscv32-esp-elf/usr/lib/]
  ignore line: [COLLECT_GCC_OPTIONS='-nostartfiles' '-march=rv32imc_zicsr_zifencei' '-specs=nosys.specs' '-v' '-o' 'cmTC_ef463' '-mabi=ilp32' '-misa-spec=20191213' '-march=rv32imc_zicsr_zifencei' '-dumpdir' 'cmTC_ef463.']
  link line: [ /Users/deaafrizal/.espressif/tools/riscv32-esp-elf/esp-13.2.0_20240530/riscv32-esp-elf/bin/../libexec/gcc/riscv32-esp-elf/13.2.0/collect2 -plugin /Users/deaafrizal/.espressif/tools/riscv32-esp-elf/esp-13.2.0_20240530/riscv32-esp-elf/bin/../libexec/gcc/riscv32-esp-elf/13.2.0/liblto_plugin.so -plugin-opt=/Users/deaafrizal/.espressif/tools/riscv32-esp-elf/esp-13.2.0_20240530/riscv32-esp-elf/bin/../libexec/gcc/riscv32-esp-elf/13.2.0/lto-wrapper -plugin-opt=-fresolution=/var/folders/vh/mrgngl7s2fbcpsscljzx67g40000gn/T//ccC8Ajz9.res -plugin-opt=-pass-through=-lgcc -plugin-opt=-pass-through=-lc -plugin-opt=-pass-through=-lnosys -plugin-opt=-pass-through=-lc -plugin-opt=-pass-through=-lgcc -plugin-opt=-pass-through=-lgcc -plugin-opt=-pass-through=-lc -plugin-opt=-pass-through=-lnosys --sysroot=/Users/deaafrizal/.espressif/tools/riscv32-esp-elf/esp-13.2.0_20240530/riscv32-esp-elf/bin/../riscv32-esp-elf -melf32lriscv -o cmTC_ef463 -L/Users/deaafrizal/.espressif/tools/riscv32-esp-elf/esp-13.2.0_20240530/riscv32-esp-elf/bin/../lib/gcc/riscv32-esp-elf/13.2.0/rv32imc_zicsr_zifencei/ilp32 -L/Users/deaafrizal/.espressif/tools/riscv32-esp-elf/esp-13.2.0_20240530/riscv32-esp-elf/bin/../lib/gcc/riscv32-esp-elf/13.2.0/../../../../riscv32-esp-elf/lib/rv32imc_zicsr_zifencei/ilp32 -L/Users/deaafrizal/.espressif/tools/riscv32-esp-elf/esp-13.2.0_20240530/riscv32-esp-elf/bin/../riscv32-esp-elf/lib/rv32imc_zicsr_zifencei/ilp32 -L/Users/deaafrizal/.espressif/tools/riscv32-esp-elf/esp-13.2.0_20240530/riscv32-esp-elf/bin/../lib/gcc/riscv32-esp-elf/13.2.0 -L/Users/deaafrizal/.espressif/tools/riscv32-esp-elf/esp-13.2.0_20240530/riscv32-esp-elf/bin/../lib/gcc -L/Users/deaafrizal/.espressif/tools/riscv32-esp-elf/esp-13.2.0_20240530/riscv32-esp-elf/bin/../lib/gcc/riscv32-esp-elf/13.2.0/../../../../riscv32-esp-elf/lib -L/Users/deaafrizal/.espressif/tools/riscv32-esp-elf/esp-13.2.0_20240530/riscv32-esp-elf/bin/../riscv32-esp-elf/lib -L/Users/deaafrizal/.espressif/tools/riscv32-esp-elf/esp-13.2.0_20240530/riscv32-esp-elf/bin/../riscv32-esp-elf/usr/lib CMakeFiles/cmTC_ef463.dir/CMakeCXXCompilerABI.cpp.obj -lstdc++ -lm -lgcc -lc -lnosys -lc -lgcc --start-group -lgcc -lc -lnosys --end-group]
    arg [/Users/deaafrizal/.espressif/tools/riscv32-esp-elf/esp-13.2.0_20240530/riscv32-esp-elf/bin/../libexec/gcc/riscv32-esp-elf/13.2.0/collect2] ==> ignore
    arg [-plugin] ==> ignore
    arg [/Users/deaafrizal/.espressif/tools/riscv32-esp-elf/esp-13.2.0_20240530/riscv32-esp-elf/bin/../libexec/gcc/riscv32-esp-elf/13.2.0/liblto_plugin.so] ==> ignore
    arg [-plugin-opt=/Users/deaafrizal/.espressif/tools/riscv32-esp-elf/esp-13.2.0_20240530/riscv32-esp-elf/bin/../libexec/gcc/riscv32-esp-elf/13.2.0/lto-wrapper] ==> ignore
    arg [-plugin-opt=-fresolution=/var/folders/vh/mrgngl7s2fbcpsscljzx67g40000gn/T//ccC8Ajz9.res] ==> ignore
    arg [-plugin-opt=-pass-through=-lgcc] ==> ignore
    arg [-plugin-opt=-pass-through=-lc] ==> ignore
    arg [-plugin-opt=-pass-through=-lnosys] ==> ignore
    arg [-plugin-opt=-pass-through=-lc] ==> ignore
    arg [-plugin-opt=-pass-through=-lgcc] ==> ignore
    arg [-plugin-opt=-pass-through=-lgcc] ==> ignore
    arg [-plugin-opt=-pass-through=-lc] ==> ignore
    arg [-plugin-opt=-pass-through=-lnosys] ==> ignore
    arg [--sysroot=/Users/deaafrizal/.espressif/tools/riscv32-esp-elf/esp-13.2.0_20240530/riscv32-esp-elf/bin/../riscv32-esp-elf] ==> ignore
    arg [-melf32lriscv] ==> ignore
    arg [-o] ==> ignore
    arg [cmTC_ef463] ==> ignore
    arg [-L/Users/deaafrizal/.espressif/tools/riscv32-esp-elf/esp-13.2.0_20240530/riscv32-esp-elf/bin/../lib/gcc/riscv32-esp-elf/13.2.0/rv32imc_zicsr_zifencei/ilp32] ==> dir [/Users/deaafrizal/.espressif/tools/riscv32-esp-elf/esp-13.2.0_20240530/riscv32-esp-elf/bin/../lib/gcc/riscv32-esp-elf/13.2.0/rv32imc_zicsr_zifencei/ilp32]
    arg [-L/Users/deaafrizal/.espressif/tools/riscv32-esp-elf/esp-13.2.0_20240530/riscv32-esp-elf/bin/../lib/gcc/riscv32-esp-elf/13.2.0/../../../../riscv32-esp-elf/lib/rv32imc_zicsr_zifencei/ilp32] ==> dir [/Users/deaafrizal/.espressif/tools/riscv32-esp-elf/esp-13.2.0_20240530/riscv32-esp-elf/bin/../lib/gcc/riscv32-esp-elf/13.2.0/../../../../riscv32-esp-elf/lib/rv32imc_zicsr_zifencei/ilp32]
    arg [-L/Users/deaafrizal/.espressif/tools/riscv32-esp-elf/esp-13.2.0_20240530/riscv32-esp-elf/bin/../riscv32-esp-elf/lib/rv32imc_zicsr_zifencei/ilp32] ==> dir [/Users/deaafrizal/.espressif/tools/riscv32-esp-elf/esp-13.2.0_20240530/riscv32-esp-elf/bin/../riscv32-esp-elf/lib/rv32imc_zicsr_zifencei/ilp32]
    arg [-L/Users/deaafrizal/.espressif/tools/riscv32-esp-elf/esp-13.2.0_20240530/riscv32-esp-elf/bin/../lib/gcc/riscv32-esp-elf/13.2.0] ==> dir [/Users/deaafrizal/.espressif/tools/riscv32-esp-elf/esp-13.2.0_20240530/riscv32-esp-elf/bin/../lib/gcc/riscv32-esp-elf/13.2.0]
    arg [-L/Users/deaafrizal/.espressif/tools/riscv32-esp-elf/esp-13.2.0_20240530/riscv32-esp-elf/bin/../lib/gcc] ==> dir [/Users/deaafrizal/.espressif/tools/riscv32-esp-elf/esp-13.2.0_20240530/riscv32-esp-elf/bin/../lib/gcc]
    arg [-L/Users/deaafrizal/.espressif/tools/riscv32-esp-elf/esp-13.2.0_20240530/riscv32-esp-elf/bin/../lib/gcc/riscv32-esp-elf/13.2.0/../../../../riscv32-esp-elf/lib] ==> dir [/Users/deaafrizal/.espressif/tools/riscv32-esp-elf/esp-13.2.0_20240530/riscv32-esp-elf/bin/../lib/gcc/riscv32-esp-elf/13.2.0/../../../../riscv32-esp-elf/lib]
    arg [-L/Users/deaafrizal/.espressif/tools/riscv32-esp-elf/esp-13.2.0_20240530/riscv32-esp-elf/bin/../riscv32-esp-elf/lib] ==> dir [/Users/deaafrizal/.espressif/tools/riscv32-esp-elf/esp-13.2.0_20240530/riscv32-esp-elf/bin/../riscv32-esp-elf/lib]
    arg [-L/Users/deaafrizal/.espressif/tools/riscv32-esp-elf/esp-13.2.0_20240530/riscv32-esp-elf/bin/../riscv32-esp-elf/usr/lib] ==> dir [/Users/deaafrizal/.espressif/tools/riscv32-esp-elf/esp-13.2.0_20240530/riscv32-esp-elf/bin/../riscv32-esp-elf/usr/lib]
    arg [CMakeFiles/cmTC_ef463.dir/CMakeCXXCompilerABI.cpp.obj] ==> ignore
    arg [-lstdc++] ==> lib [stdc++]
    arg [-lm] ==> lib [m]
    arg [-lgcc] ==> lib [gcc]
    arg [-lc] ==> lib [c]
    arg [-lnosys] ==> lib [nosys]
    arg [-lc] ==> lib [c]
    arg [-lgcc] ==> lib [gcc]
    arg [--start-group] ==> ignore
    arg [-lgcc] ==> lib [gcc]
    arg [-lc] ==> lib [c]
    arg [-lnosys] ==> lib [nosys]
    arg [--end-group] ==> ignore
  collapse library dir [/Users/deaafrizal/.espressif/tools/riscv32-esp-elf/esp-13.2.0_20240530/riscv32-esp-elf/bin/../lib/gcc/riscv32-esp-elf/13.2.0/rv32imc_zicsr_zifencei/ilp32] ==> [/Users/deaafrizal/.espressif/tools/riscv32-esp-elf/esp-13.2.0_20240530/riscv32-esp-elf/lib/gcc/riscv32-esp-elf/13.2.0/rv32imc_zicsr_zifencei/ilp32]
  collapse library dir [/Users/deaafrizal/.espressif/tools/riscv32-esp-elf/esp-13.2.0_20240530/riscv32-esp-elf/bin/../lib/gcc/riscv32-esp-elf/13.2.0/../../../../riscv32-esp-elf/lib/rv32imc_zicsr_zifencei/ilp32] ==> [/Users/deaafrizal/.espressif/tools/riscv32-esp-elf/esp-13.2.0_20240530/riscv32-esp-elf/riscv32-esp-elf/lib/rv32imc_zicsr_zifencei/ilp32]
  collapse library dir [/Users/deaafrizal/.espressif/tools/riscv32-esp-elf/esp-13.2.0_20240530/riscv32-esp-elf/bin/../riscv32-esp-elf/lib/rv32imc_zicsr_zifencei/ilp32] ==> [/Users/deaafrizal/.espressif/tools/riscv32-esp-elf/esp-13.2.0_20240530/riscv32-esp-elf/riscv32-esp-elf/lib/rv32imc_zicsr_zifencei/ilp32]
  collapse library dir [/Users/deaafrizal/.espressif/tools/riscv32-esp-elf/esp-13.2.0_20240530/riscv32-esp-elf/bin/../lib/gcc/riscv32-esp-elf/13.2.0] ==> [/Users/deaafrizal/.espressif/tools/riscv32-esp-elf/esp-13.2.0_20240530/riscv32-esp-elf/lib/gcc/riscv32-esp-elf/13.2.0]
  collapse library dir [/Users/deaafrizal/.espressif/tools/riscv32-esp-elf/esp-13.2.0_20240530/riscv32-esp-elf/bin/../lib/gcc] ==> [/Users/deaafrizal/.espressif/tools/riscv32-esp-elf/esp-13.2.0_20240530/riscv32-esp-elf/lib/gcc]
  collapse library dir [/Users/deaafrizal/.espressif/tools/riscv32-esp-elf/esp-13.2.0_20240530/riscv32-esp-elf/bin/../lib/gcc/riscv32-esp-elf/13.2.0/../../../../riscv32-esp-elf/lib] ==> [/Users/deaafrizal/.espressif/tools/riscv32-esp-elf/esp-13.2.0_20240530/riscv32-esp-elf/riscv32-esp-elf/lib]
  collapse library dir [/Users/deaafrizal/.espressif/tools/riscv32-esp-elf/esp-13.2.0_20240530/riscv32-esp-elf/bin/../riscv32-esp-elf/lib] ==> [/Users/deaafrizal/.espressif/tools/riscv32-esp-elf/esp-13.2.0_20240530/riscv32-esp-elf/riscv32-esp-elf/lib]
  collapse library dir [/Users/deaafrizal/.espressif/tools/riscv32-esp-elf/esp-13.2.0_20240530/riscv32-esp-elf/bin/../riscv32-esp-elf/usr/lib] ==> [/Users/deaafrizal/.espressif/tools/riscv32-esp-elf/esp-13.2.0_20240530/riscv32-esp-elf/riscv32-esp-elf/usr/lib]
  implicit libs: [stdc++;m;gcc;c;nosys;c;gcc;gcc;c;nosys]
  implicit objs: []
  implicit dirs: [/Users/deaafrizal/.espressif/tools/riscv32-esp-elf/esp-13.2.0_20240530/riscv32-esp-elf/lib/gcc/riscv32-esp-elf/13.2.0/rv32imc_zicsr_zifencei/ilp32;/Users/deaafrizal/.espressif/tools/riscv32-esp-elf/esp-13.2.0_20240530/riscv32-esp-elf/riscv32-esp-elf/lib/rv32imc_zicsr_zifencei/ilp32;/Users/deaafrizal/.espressif/tools/riscv32-esp-elf/esp-13.2.0_20240530/riscv32-esp-elf/lib/gcc/riscv32-esp-elf/13.2.0;/Users/deaafrizal/.espressif/tools/riscv32-esp-elf/esp-13.2.0_20240530/riscv32-esp-elf/lib/gcc;/Users/deaafrizal/.espressif/tools/riscv32-esp-elf/esp-13.2.0_20240530/riscv32-esp-elf/riscv32-esp-elf/lib;/Users/deaafrizal/.espressif/tools/riscv32-esp-elf/esp-13.2.0_20240530/riscv32-esp-elf/riscv32-esp-elf/usr/lib]
  implicit fwks: []


Performing C SOURCE FILE Test CMAKE_HAVE_LIBC_PTHREAD succeeded with the following output:
Change Dir: /Users/deaafrizal/Projects/platformio/cuybot-rtos/build/CMakeFiles/CMakeTmp

Run Build Command(s):/usr/bin/make -f Makefile cmTC_4af4b/fast && /Applications/Xcode.app/Contents/Developer/usr/bin/make  -f CMakeFiles/cmTC_4af4b.dir/build.make CMakeFiles/cmTC_4af4b.dir/build
Building C object CMakeFiles/cmTC_4af4b.dir/src.c.obj
/Users/deaafrizal/.espressif/tools/riscv32-esp-elf/esp-13.2.0_20240530/riscv32-esp-elf/bin/riscv32-esp-elf-gcc -DCMAKE_HAVE_LIBC_PTHREAD  -march=rv32imc_zicsr_zifencei   -o CMakeFiles/cmTC_4af4b.dir/src.c.obj -c /Users/deaafrizal/Projects/platformio/cuybot-rtos/build/CMakeFiles/CMakeTmp/src.c
Linking C executable cmTC_4af4b
/Users/deaafrizal/.espressif/tools/cmake/3.24.0/CMake.app/Contents/bin/cmake -E cmake_link_script CMakeFiles/cmTC_4af4b.dir/link.txt --verbose=1
/Users/deaafrizal/.espressif/tools/riscv32-esp-elf/esp-13.2.0_20240530/riscv32-esp-elf/bin/riscv32-esp-elf-gcc -march=rv32imc_zicsr_zifencei   -nostartfiles -march=rv32imc_zicsr_zifencei --specs=nosys.specs   CMakeFiles/cmTC_4af4b.dir/src.c.obj -o cmTC_4af4b 
/Users/deaafrizal/.espressif/tools/riscv32-esp-elf/esp-13.2.0_20240530/riscv32-esp-elf/bin/../lib/gcc/riscv32-esp-elf/13.2.0/../../../../riscv32-esp-elf/bin/ld: CMakeFiles/cmTC_4af4b.dir/src.c.obj: in function `main':
src.c:(.text+0x6a): warning: pthread_atfork is not implemented and will always fail
/Users/deaafrizal/.espressif/tools/riscv32-esp-elf/esp-13.2.0_20240530/riscv32-esp-elf/bin/../lib/gcc/riscv32-esp-elf/13.2.0/../../../../riscv32-esp-elf/bin/ld: src.c:(.text+0x4c): warning: pthread_cancel is not implemented and will always fail
/Users/deaafrizal/.espressif/tools/riscv32-esp-elf/esp-13.2.0_20240530/riscv32-esp-elf/bin/../lib/gcc/riscv32-esp-elf/13.2.0/../../../../riscv32-esp-elf/bin/ld: src.c:(.text+0x30): warning: pthread_create is not implemented and will always fail
/Users/deaafrizal/.espressif/tools/riscv32-esp-elf/esp-13.2.0_20240530/riscv32-esp-elf/bin/../lib/gcc/riscv32-esp-elf/13.2.0/../../../../riscv32-esp-elf/bin/ld: src.c:(.text+0x3e): warning: pthread_detach is not implemented and will always fail
/Users/deaafrizal/.espressif/tools/riscv32-esp-elf/esp-13.2.0_20240530/riscv32-esp-elf/bin/../lib/gcc/riscv32-esp-elf/13.2.0/../../../../riscv32-esp-elf/bin/ld: src.c:(.text+0x74): warning: pthread_exit is not implemented and will always fail
/Users/deaafrizal/.espressif/tools/riscv32-esp-elf/esp-13.2.0_20240530/riscv32-esp-elf/bin/../lib/gcc/riscv32-esp-elf/13.2.0/../../../../riscv32-esp-elf/bin/ld: src.c:(.text+0x5c): warning: pthread_join is not implemented and will always fail
/Users/deaafrizal/.espressif/tools/riscv32-esp-elf/esp-13.2.0_20240530/riscv32-esp-elf/bin/../lib/gcc/riscv32-esp-elf/13.2.0/../../../../riscv32-esp-elf/bin/ld: warning: cannot find entry symbol _start; defaulting to 00010074


Source file was:
#include <pthread.h>

static void* test_func(void* data)
{
  return data;
}

int main(void)
{
  pthread_t thread;
  pthread_create(&thread, NULL, test_func, NULL);
  pthread_detach(thread);
  pthread_cancel(thread);
  pthread_join(thread, NULL);
  pthread_atfork(NULL, NULL, NULL);
  pthread_exit(NULL);

  return 0;
}

Performing C SOURCE FILE Test C_COMPILER_SUPPORTS_WFORMAT_SIGNEDNESS succeeded with the following output:
Change Dir: /Users/deaafrizal/Projects/platformio/cuybot-rtos/build/CMakeFiles/CMakeTmp

Run Build Command(s):/usr/bin/make -f Makefile cmTC_54bb4/fast && /Applications/Xcode.app/Contents/Developer/usr/bin/make  -f CMakeFiles/cmTC_54bb4.dir/build.make CMakeFiles/cmTC_54bb4.dir/build
Building C object CMakeFiles/cmTC_54bb4.dir/src.c.obj
/Users/deaafrizal/.espressif/tools/riscv32-esp-elf/esp-13.2.0_20240530/riscv32-esp-elf/bin/riscv32-esp-elf-gcc -DC_COMPILER_SUPPORTS_WFORMAT_SIGNEDNESS  -march=rv32imc_zicsr_zifencei  -Wall -Wextra -Wwrite-strings -Wformat=2 -Wno-format-nonliteral -Wvla -Wlogical-op -Wshadow    -Wformat-signedness -o CMakeFiles/cmTC_54bb4.dir/src.c.obj -c /Users/deaafrizal/Projects/platformio/cuybot-rtos/build/CMakeFiles/CMakeTmp/src.c
Linking C executable cmTC_54bb4
/Users/deaafrizal/.espressif/tools/cmake/3.24.0/CMake.app/Contents/bin/cmake -E cmake_link_script CMakeFiles/cmTC_54bb4.dir/link.txt --verbose=1
/Users/deaafrizal/.espressif/tools/riscv32-esp-elf/esp-13.2.0_20240530/riscv32-esp-elf/bin/riscv32-esp-elf-gcc -march=rv32imc_zicsr_zifencei  -Wall -Wextra -Wwrite-strings -Wformat=2 -Wno-format-nonliteral -Wvla -Wlogical-op -Wshadow  -nostartfiles -march=rv32imc_zicsr_zifencei --specs=nosys.specs   CMakeFiles/cmTC_54bb4.dir/src.c.obj -o cmTC_54bb4 
/Users/deaafrizal/.espressif/tools/riscv32-esp-elf/esp-13.2.0_20240530/riscv32-esp-elf/bin/../lib/gcc/riscv32-esp-elf/13.2.0/../../../../riscv32-esp-elf/bin/ld: warning: cannot find entry symbol _start; defaulting to 00010074


Source file was:
int main(void) { return 0; }
